[4.495s] Invoking command in '/ros2_ws/src/door_handle': PYTHONPATH=/ros2_ws/build/door_handle/prefix_override:/usr/lib/python3/dist-packages/colcon_core/task/python/colcon_distutils_commands:/ros2_ws/install/door_handle/lib/python3.10/site-packages:${PYTHONPATH} /usr/bin/python3 -W ignore:setup.py install is deprecated -W ignore:easy_install command is deprecated setup.py egg_info --egg-base ../../build/door_handle build --build-base /ros2_ws/build/door_handle/build install --record /ros2_ws/build/door_handle/install.log --single-version-externally-managed install_data
[5.232s] running egg_info
[5.233s] writing ../../build/door_handle/door_handle.egg-info/PKG-INFO
[5.236s] writing dependency_links to ../../build/door_handle/door_handle.egg-info/dependency_links.txt
[5.244s] writing entry points to ../../build/door_handle/door_handle.egg-info/entry_points.txt
[5.248s] writing requirements to ../../build/door_handle/door_handle.egg-info/requires.txt
[5.264s] writing top-level names to ../../build/door_handle/door_handle.egg-info/top_level.txt
[5.281s] reading manifest file '../../build/door_handle/door_handle.egg-info/SOURCES.txt'
[5.285s] writing manifest file '../../build/door_handle/door_handle.egg-info/SOURCES.txt'
[5.288s] running build
[5.290s] running build_py
[5.292s] running install
[5.297s] running install_lib
[5.301s] running install_data
[5.306s] running install_egg_info
[5.334s] removing '/ros2_ws/install/door_handle/lib/python3.10/site-packages/door_handle-0.1.0-py3.10.egg-info' (and everything under it)
[5.356s] Copying ../../build/door_handle/door_handle.egg-info to /ros2_ws/install/door_handle/lib/python3.10/site-packages/door_handle-0.1.0-py3.10.egg-info
[5.441s] running install_scripts
[5.501s] Installing door_node script to /ros2_ws/install/door_handle/lib/door_handle
[5.514s] writing list of installed files to '/ros2_ws/build/door_handle/install.log'
[5.702s] Invoked command in '/ros2_ws/src/door_handle' returned '0': PYTHONPATH=/ros2_ws/build/door_handle/prefix_override:/usr/lib/python3/dist-packages/colcon_core/task/python/colcon_distutils_commands:/ros2_ws/install/door_handle/lib/python3.10/site-packages:${PYTHONPATH} /usr/bin/python3 -W ignore:setup.py install is deprecated -W ignore:easy_install command is deprecated setup.py egg_info --egg-base ../../build/door_handle build --build-base /ros2_ws/build/door_handle/build install --record /ros2_ws/build/door_handle/install.log --single-version-externally-managed install_data
