[4.452s] Invoking command in '/ros2_ws/src/stack_light': PYTHONPATH=/ros2_ws/build/stack_light/prefix_override:/usr/lib/python3/dist-packages/colcon_core/task/python/colcon_distutils_commands:/ros2_ws/install/stack_light/lib/python3.10/site-packages:${PYTHONPATH} /usr/bin/python3 -W ignore:setup.py install is deprecated -W ignore:easy_install command is deprecated setup.py egg_info --egg-base ../../build/stack_light build --build-base /ros2_ws/build/stack_light/build install --record /ros2_ws/build/stack_light/install.log --single-version-externally-managed install_data
[5.361s] running egg_info
[5.368s] creating ../../build/stack_light/stack_light.egg-info
[5.370s] writing ../../build/stack_light/stack_light.egg-info/PKG-INFO
[5.420s] writing dependency_links to ../../build/stack_light/stack_light.egg-info/dependency_links.txt
[5.462s] writing entry points to ../../build/stack_light/stack_light.egg-info/entry_points.txt
[5.484s] writing requirements to ../../build/stack_light/stack_light.egg-info/requires.txt
[5.486s] writing top-level names to ../../build/stack_light/stack_light.egg-info/top_level.txt
[5.496s] writing manifest file '../../build/stack_light/stack_light.egg-info/SOURCES.txt'
[5.543s] reading manifest file '../../build/stack_light/stack_light.egg-info/SOURCES.txt'
[5.560s] writing manifest file '../../build/stack_light/stack_light.egg-info/SOURCES.txt'
[5.562s] running build
[5.563s] running build_py
[5.566s] creating /ros2_ws/build/stack_light/build
[5.568s] creating /ros2_ws/build/stack_light/build/lib
[5.585s] creating /ros2_ws/build/stack_light/build/lib/stack_light
[5.597s] copying stack_light/stack_node.py -> /ros2_ws/build/stack_light/build/lib/stack_light
[5.601s] copying stack_light/__init__.py -> /ros2_ws/build/stack_light/build/lib/stack_light
[5.607s] running install
[5.612s] running install_lib
[5.616s] creating /ros2_ws/install/stack_light/lib/python3.10/site-packages/stack_light
[5.630s] copying /ros2_ws/build/stack_light/build/lib/stack_light/stack_node.py -> /ros2_ws/install/stack_light/lib/python3.10/site-packages/stack_light
[5.697s] copying /ros2_ws/build/stack_light/build/lib/stack_light/__init__.py -> /ros2_ws/install/stack_light/lib/python3.10/site-packages/stack_light
[5.715s] byte-compiling /ros2_ws/install/stack_light/lib/python3.10/site-packages/stack_light/stack_node.py to stack_node.cpython-310.pyc
[5.734s] byte-compiling /ros2_ws/install/stack_light/lib/python3.10/site-packages/stack_light/__init__.py to __init__.cpython-310.pyc
[5.742s] running install_data
[5.745s] creating /ros2_ws/install/stack_light/share/ament_index
[5.751s] creating /ros2_ws/install/stack_light/share/ament_index/resource_index
[5.753s] creating /ros2_ws/install/stack_light/share/ament_index/resource_index/packages
[5.755s] copying resource/stack_light -> /ros2_ws/install/stack_light/share/ament_index/resource_index/packages
[5.765s] copying package.xml -> /ros2_ws/install/stack_light/share/stack_light
[5.766s] running install_egg_info
[5.768s] Copying ../../build/stack_light/stack_light.egg-info to /ros2_ws/install/stack_light/lib/python3.10/site-packages/stack_light-0.1.0-py3.10.egg-info
[5.779s] running install_scripts
[5.788s] Installing stack_node script to /ros2_ws/install/stack_light/lib/stack_light
[5.792s] writing list of installed files to '/ros2_ws/build/stack_light/install.log'
[6.009s] Invoked command in '/ros2_ws/src/stack_light' returned '0': PYTHONPATH=/ros2_ws/build/stack_light/prefix_override:/usr/lib/python3/dist-packages/colcon_core/task/python/colcon_distutils_commands:/ros2_ws/install/stack_light/lib/python3.10/site-packages:${PYTHONPATH} /usr/bin/python3 -W ignore:setup.py install is deprecated -W ignore:easy_install command is deprecated setup.py egg_info --egg-base ../../build/stack_light build --build-base /ros2_ws/build/stack_light/build install --record /ros2_ws/build/stack_light/install.log --single-version-externally-managed install_data
