running egg_info
writing ../../build/door_handle/door_handle.egg-info/PKG-INFO
writing dependency_links to ../../build/door_handle/door_handle.egg-info/dependency_links.txt
writing entry points to ../../build/door_handle/door_handle.egg-info/entry_points.txt
writing requirements to ../../build/door_handle/door_handle.egg-info/requires.txt
writing top-level names to ../../build/door_handle/door_handle.egg-info/top_level.txt
reading manifest file '../../build/door_handle/door_handle.egg-info/SOURCES.txt'
writing manifest file '../../build/door_handle/door_handle.egg-info/SOURCES.txt'
running build
running build_py
copying door_handle/door_node.py -> /ros2_ws/build/door_handle/build/lib/door_handle
running install
running install_lib
copying /ros2_ws/build/door_handle/build/lib/door_handle/door_node.py -> /ros2_ws/install/door_handle/lib/python3.10/site-packages/door_handle
byte-compiling /ros2_ws/install/door_handle/lib/python3.10/site-packages/door_handle/door_node.py to door_node.cpython-310.pyc
running install_data
running install_egg_info
removing '/ros2_ws/install/door_handle/lib/python3.10/site-packages/door_handle-0.1.0-py3.10.egg-info' (and everything under it)
Copying ../../build/door_handle/door_handle.egg-info to /ros2_ws/install/door_handle/lib/python3.10/site-packages/door_handle-0.1.0-py3.10.egg-info
running install_scripts
Installing door_node script to /ros2_ws/install/door_handle/lib/door_handle
writing list of installed files to '/ros2_ws/build/door_handle/install.log'
