[3.501s] Invoking command in '/ros2_ws/src/door_handle': PYTHONPATH=/ros2_ws/build/door_handle/prefix_override:/usr/lib/python3/dist-packages/colcon_core/task/python/colcon_distutils_commands:/ros2_ws/install/door_handle/lib/python3.10/site-packages:${PYTHONPATH} /usr/bin/python3 -W ignore:setup.py install is deprecated -W ignore:easy_install command is deprecated setup.py egg_info --egg-base ../../build/door_handle build --build-base /ros2_ws/build/door_handle/build install --record /ros2_ws/build/door_handle/install.log --single-version-externally-managed install_data
[4.254s] running egg_info
[4.267s] writing ../../build/door_handle/door_handle.egg-info/PKG-INFO
[4.292s] writing dependency_links to ../../build/door_handle/door_handle.egg-info/dependency_links.txt
[4.296s] writing entry points to ../../build/door_handle/door_handle.egg-info/entry_points.txt
[4.298s] writing requirements to ../../build/door_handle/door_handle.egg-info/requires.txt
[4.299s] writing top-level names to ../../build/door_handle/door_handle.egg-info/top_level.txt
[4.315s] reading manifest file '../../build/door_handle/door_handle.egg-info/SOURCES.txt'
[4.362s] writing manifest file '../../build/door_handle/door_handle.egg-info/SOURCES.txt'
[4.365s] running build
[4.382s] running build_py
[4.394s] running install
[4.400s] running install_lib
[4.409s] running install_data
[4.410s] running install_egg_info
[4.423s] removing '/ros2_ws/install/door_handle/lib/python3.10/site-packages/door_handle-0.1.0-py3.10.egg-info' (and everything under it)
[4.427s] Copying ../../build/door_handle/door_handle.egg-info to /ros2_ws/install/door_handle/lib/python3.10/site-packages/door_handle-0.1.0-py3.10.egg-info
[4.487s] running install_scripts
[4.589s] Installing door_node script to /ros2_ws/install/door_handle/lib/door_handle
[4.593s] writing list of installed files to '/ros2_ws/build/door_handle/install.log'
[4.601s] Invoked command in '/ros2_ws/src/door_handle' returned '0': PYTHONPATH=/ros2_ws/build/door_handle/prefix_override:/usr/lib/python3/dist-packages/colcon_core/task/python/colcon_distutils_commands:/ros2_ws/install/door_handle/lib/python3.10/site-packages:${PYTHONPATH} /usr/bin/python3 -W ignore:setup.py install is deprecated -W ignore:easy_install command is deprecated setup.py egg_info --egg-base ../../build/door_handle build --build-base /ros2_ws/build/door_handle/build install --record /ros2_ws/build/door_handle/install.log --single-version-externally-managed install_data
