[4.512s] Invoking command in '/ros2_ws/src/barcode_scanner': PYTHONPATH=/ros2_ws/build/barcode_scanner/prefix_override:/usr/lib/python3/dist-packages/colcon_core/task/python/colcon_distutils_commands:/ros2_ws/install/barcode_scanner/lib/python3.10/site-packages:${PYTHONPATH} /usr/bin/python3 -W ignore:setup.py install is deprecated -W ignore:easy_install command is deprecated setup.py egg_info --egg-base ../../build/barcode_scanner build --build-base /ros2_ws/build/barcode_scanner/build install --record /ros2_ws/build/barcode_scanner/install.log --single-version-externally-managed install_data
[5.278s] running egg_info
[5.289s] writing ../../build/barcode_scanner/barcode_scanner.egg-info/PKG-INFO
[5.304s] writing dependency_links to ../../build/barcode_scanner/barcode_scanner.egg-info/dependency_links.txt
[5.310s] writing entry points to ../../build/barcode_scanner/barcode_scanner.egg-info/entry_points.txt
[5.313s] writing requirements to ../../build/barcode_scanner/barcode_scanner.egg-info/requires.txt
[5.316s] writing top-level names to ../../build/barcode_scanner/barcode_scanner.egg-info/top_level.txt
[5.336s] reading manifest file '../../build/barcode_scanner/barcode_scanner.egg-info/SOURCES.txt'
[5.350s] writing manifest file '../../build/barcode_scanner/barcode_scanner.egg-info/SOURCES.txt'
[5.377s] running build
[5.382s] running build_py
[5.389s] running install
[5.392s] running install_lib
[5.404s] running install_data
[5.409s] running install_egg_info
[5.421s] removing '/ros2_ws/install/barcode_scanner/lib/python3.10/site-packages/barcode_scanner-0.1.0-py3.10.egg-info' (and everything under it)
[5.430s] Copying ../../build/barcode_scanner/barcode_scanner.egg-info to /ros2_ws/install/barcode_scanner/lib/python3.10/site-packages/barcode_scanner-0.1.0-py3.10.egg-info
[5.481s] running install_scripts
[5.546s] Installing barcode_node script to /ros2_ws/install/barcode_scanner/lib/barcode_scanner
[5.584s] writing list of installed files to '/ros2_ws/build/barcode_scanner/install.log'
[6.124s] Invoked command in '/ros2_ws/src/barcode_scanner' returned '0': PYTHONPATH=/ros2_ws/build/barcode_scanner/prefix_override:/usr/lib/python3/dist-packages/colcon_core/task/python/colcon_distutils_commands:/ros2_ws/install/barcode_scanner/lib/python3.10/site-packages:${PYTHONPATH} /usr/bin/python3 -W ignore:setup.py install is deprecated -W ignore:easy_install command is deprecated setup.py egg_info --egg-base ../../build/barcode_scanner build --build-base /ros2_ws/build/barcode_scanner/build install --record /ros2_ws/build/barcode_scanner/install.log --single-version-externally-managed install_data
