[3.246s] Invoking command in '/ros2_ws/src/door_handle': PYTHONPATH=/ros2_ws/build/door_handle/prefix_override:/usr/lib/python3/dist-packages/colcon_core/task/python/colcon_distutils_commands:/ros2_ws/install/door_handle/lib/python3.10/site-packages:${PYTHONPATH} /usr/bin/python3 -W ignore:setup.py install is deprecated -W ignore:easy_install command is deprecated setup.py egg_info --egg-base ../../build/door_handle build --build-base /ros2_ws/build/door_handle/build install --record /ros2_ws/build/door_handle/install.log --single-version-externally-managed install_data
[4.019s] running egg_info
[4.027s] writing ../../build/door_handle/door_handle.egg-info/PKG-INFO
[4.037s] writing dependency_links to ../../build/door_handle/door_handle.egg-info/dependency_links.txt
[4.044s] writing entry points to ../../build/door_handle/door_handle.egg-info/entry_points.txt
[4.049s] writing requirements to ../../build/door_handle/door_handle.egg-info/requires.txt
[4.051s] writing top-level names to ../../build/door_handle/door_handle.egg-info/top_level.txt
[4.075s] reading manifest file '../../build/door_handle/door_handle.egg-info/SOURCES.txt'
[4.101s] writing manifest file '../../build/door_handle/door_handle.egg-info/SOURCES.txt'
[4.108s] running build
[4.110s] running build_py
[4.128s] running install
[4.130s] running install_lib
[4.145s] running install_data
[4.146s] running install_egg_info
[4.155s] removing '/ros2_ws/install/door_handle/lib/python3.10/site-packages/door_handle-0.1.0-py3.10.egg-info' (and everything under it)
[4.162s] Copying ../../build/door_handle/door_handle.egg-info to /ros2_ws/install/door_handle/lib/python3.10/site-packages/door_handle-0.1.0-py3.10.egg-info
[4.308s] running install_scripts
[4.315s] Installing door_node script to /ros2_ws/install/door_handle/lib/door_handle
[4.334s] writing list of installed files to '/ros2_ws/build/door_handle/install.log'
[4.621s] Invoked command in '/ros2_ws/src/door_handle' returned '0': PYTHONPATH=/ros2_ws/build/door_handle/prefix_override:/usr/lib/python3/dist-packages/colcon_core/task/python/colcon_distutils_commands:/ros2_ws/install/door_handle/lib/python3.10/site-packages:${PYTHONPATH} /usr/bin/python3 -W ignore:setup.py install is deprecated -W ignore:easy_install command is deprecated setup.py egg_info --egg-base ../../build/door_handle build --build-base /ros2_ws/build/door_handle/build install --record /ros2_ws/build/door_handle/install.log --single-version-externally-managed install_data
