[0.655s] DEBUG:colcon:Command line arguments: ['/usr/bin/colcon', 'build']
[0.656s] DEBUG:colcon:Parsed command line arguments: Namespace(log_base=None, log_level=None, verb_name='build', build_base='build', install_base='install', merge_install=False, symlink_install=False, test_result_base=None, continue_on_error=False, executor='parallel', parallel_workers=4, event_handlers=None, ignore_user_meta=False, metas=['./colcon.meta'], base_paths=['.'], packages_ignore=None, packages_ignore_regex=None, paths=None, packages_up_to=None, packages_up_to_regex=None, packages_above=None, packages_above_and_dependencies=None, packages_above_depth=None, packages_select_by_dep=None, packages_skip_by_dep=None, packages_skip_up_to=None, packages_select_build_failed=False, packages_skip_build_finished=False, packages_select_test_failures=False, packages_skip_test_passed=False, packages_select=None, packages_skip=None, packages_select_regex=None, packages_skip_regex=None, packages_start=None, packages_end=None, cmake_args=None, cmake_target=None, cmake_target_skip_unavailable=False, cmake_clean_cache=False, cmake_clean_first=False, cmake_force_configure=False, ament_cmake_args=None, catkin_cmake_args=None, catkin_skip_building_tests=False, mixin_files=None, mixin=None, verb_parser=<colcon_mixin.mixin.mixin_argument.MixinArgumentDecorator object at 0x7fea44021db0>, verb_extension=<colcon_core.verb.build.BuildVerb object at 0x7fea4412acb0>, main=<bound method BuildVerb.main of <colcon_core.verb.build.BuildVerb object at 0x7fea4412acb0>>, mixin_verb=('build',))
[1.365s] Level 1:colcon.colcon_core.package_discovery:discover_packages(colcon_meta) check parameters
[1.368s] INFO:colcon.colcon_metadata.package_discovery.colcon_meta:Using configuration from '/root/.colcon/metadata/default/Gazebo.meta'
[1.370s] INFO:colcon.colcon_metadata.package_discovery.colcon_meta:Using configuration from '/root/.colcon/metadata/default/fastrtps.meta'
[1.373s] Level 1:colcon.colcon_core.package_discovery:discover_packages(recursive) check parameters
[1.374s] Level 1:colcon.colcon_core.package_discovery:discover_packages(ignore) check parameters
[1.379s] Level 1:colcon.colcon_core.package_discovery:discover_packages(path) check parameters
[1.380s] Level 1:colcon.colcon_core.package_discovery:discover_packages(colcon_meta) discover
[1.381s] Level 1:colcon.colcon_core.package_discovery:discover_packages(recursive) discover
[1.381s] INFO:colcon.colcon_core.package_discovery:Crawling recursively for packages in '/ros2_ws'
[1.385s] Level 1:colcon.colcon_core.package_identification:_identify(.) by extensions ['ignore', 'ignore_ament_install']
[1.385s] Level 1:colcon.colcon_core.package_identification:_identify(.) by extension 'ignore'
[1.386s] Level 1:colcon.colcon_core.package_identification:_identify(.) by extension 'ignore_ament_install'
[1.387s] Level 1:colcon.colcon_core.package_identification:_identify(.) by extensions ['colcon_pkg']
[1.387s] Level 1:colcon.colcon_core.package_identification:_identify(.) by extension 'colcon_pkg'
[1.389s] Level 1:colcon.colcon_core.package_identification:_identify(.) by extensions ['colcon_meta']
[1.390s] Level 1:colcon.colcon_core.package_identification:_identify(.) by extension 'colcon_meta'
[1.390s] Level 1:colcon.colcon_core.package_identification:_identify(.) by extensions ['ros']
[1.390s] Level 1:colcon.colcon_core.package_identification:_identify(.) by extension 'ros'
[1.447s] Level 1:colcon.colcon_core.package_identification:_identify(.) by extensions ['cmake', 'python']
[1.448s] Level 1:colcon.colcon_core.package_identification:_identify(.) by extension 'cmake'
[1.448s] Level 1:colcon.colcon_core.package_identification:_identify(.) by extension 'python'
[1.449s] Level 1:colcon.colcon_core.package_identification:_identify(.) by extensions ['python_setup_py']
[1.449s] Level 1:colcon.colcon_core.package_identification:_identify(.) by extension 'python_setup_py'
[1.451s] Level 1:colcon.colcon_core.package_identification:_identify(api) by extensions ['ignore', 'ignore_ament_install']
[1.453s] Level 1:colcon.colcon_core.package_identification:_identify(api) by extension 'ignore'
[1.454s] Level 1:colcon.colcon_core.package_identification:_identify(api) by extension 'ignore_ament_install'
[1.456s] Level 1:colcon.colcon_core.package_identification:_identify(api) by extensions ['colcon_pkg']
[1.456s] Level 1:colcon.colcon_core.package_identification:_identify(api) by extension 'colcon_pkg'
[1.457s] Level 1:colcon.colcon_core.package_identification:_identify(api) by extensions ['colcon_meta']
[1.458s] Level 1:colcon.colcon_core.package_identification:_identify(api) by extension 'colcon_meta'
[1.460s] Level 1:colcon.colcon_core.package_identification:_identify(api) by extensions ['ros']
[1.462s] Level 1:colcon.colcon_core.package_identification:_identify(api) by extension 'ros'
[1.464s] Level 1:colcon.colcon_core.package_identification:_identify(api) by extensions ['cmake', 'python']
[1.465s] Level 1:colcon.colcon_core.package_identification:_identify(api) by extension 'cmake'
[1.465s] Level 1:colcon.colcon_core.package_identification:_identify(api) by extension 'python'
[1.466s] Level 1:colcon.colcon_core.package_identification:_identify(api) by extensions ['python_setup_py']
[1.468s] Level 1:colcon.colcon_core.package_identification:_identify(api) by extension 'python_setup_py'
[1.470s] Level 1:colcon.colcon_core.package_identification:_identify(build) by extensions ['ignore', 'ignore_ament_install']
[1.471s] Level 1:colcon.colcon_core.package_identification:_identify(build) by extension 'ignore'
[1.471s] Level 1:colcon.colcon_core.package_identification:_identify(build) ignored
[1.473s] Level 1:colcon.colcon_core.package_identification:_identify(hmi) by extensions ['ignore', 'ignore_ament_install']
[1.473s] Level 1:colcon.colcon_core.package_identification:_identify(hmi) by extension 'ignore'
[1.474s] Level 1:colcon.colcon_core.package_identification:_identify(hmi) by extension 'ignore_ament_install'
[1.475s] Level 1:colcon.colcon_core.package_identification:_identify(hmi) by extensions ['colcon_pkg']
[1.477s] Level 1:colcon.colcon_core.package_identification:_identify(hmi) by extension 'colcon_pkg'
[1.478s] Level 1:colcon.colcon_core.package_identification:_identify(hmi) by extensions ['colcon_meta']
[1.478s] Level 1:colcon.colcon_core.package_identification:_identify(hmi) by extension 'colcon_meta'
[1.478s] Level 1:colcon.colcon_core.package_identification:_identify(hmi) by extensions ['ros']
[1.479s] Level 1:colcon.colcon_core.package_identification:_identify(hmi) by extension 'ros'
[1.485s] Level 1:colcon.colcon_core.package_identification:_identify(hmi) by extensions ['cmake', 'python']
[1.485s] Level 1:colcon.colcon_core.package_identification:_identify(hmi) by extension 'cmake'
[1.486s] Level 1:colcon.colcon_core.package_identification:_identify(hmi) by extension 'python'
[1.486s] Level 1:colcon.colcon_core.package_identification:_identify(hmi) by extensions ['python_setup_py']
[1.486s] Level 1:colcon.colcon_core.package_identification:_identify(hmi) by extension 'python_setup_py'
[1.489s] Level 1:colcon.colcon_core.package_identification:_identify(hmi/static) by extensions ['ignore', 'ignore_ament_install']
[1.490s] Level 1:colcon.colcon_core.package_identification:_identify(hmi/static) by extension 'ignore'
[1.490s] Level 1:colcon.colcon_core.package_identification:_identify(hmi/static) by extension 'ignore_ament_install'
[1.491s] Level 1:colcon.colcon_core.package_identification:_identify(hmi/static) by extensions ['colcon_pkg']
[1.492s] Level 1:colcon.colcon_core.package_identification:_identify(hmi/static) by extension 'colcon_pkg'
[1.493s] Level 1:colcon.colcon_core.package_identification:_identify(hmi/static) by extensions ['colcon_meta']
[1.493s] Level 1:colcon.colcon_core.package_identification:_identify(hmi/static) by extension 'colcon_meta'
[1.493s] Level 1:colcon.colcon_core.package_identification:_identify(hmi/static) by extensions ['ros']
[1.494s] Level 1:colcon.colcon_core.package_identification:_identify(hmi/static) by extension 'ros'
[1.495s] Level 1:colcon.colcon_core.package_identification:_identify(hmi/static) by extensions ['cmake', 'python']
[1.496s] Level 1:colcon.colcon_core.package_identification:_identify(hmi/static) by extension 'cmake'
[1.496s] Level 1:colcon.colcon_core.package_identification:_identify(hmi/static) by extension 'python'
[1.497s] Level 1:colcon.colcon_core.package_identification:_identify(hmi/static) by extensions ['python_setup_py']
[1.497s] Level 1:colcon.colcon_core.package_identification:_identify(hmi/static) by extension 'python_setup_py'
[1.499s] Level 1:colcon.colcon_core.package_identification:_identify(hmi/templates) by extensions ['ignore', 'ignore_ament_install']
[1.499s] Level 1:colcon.colcon_core.package_identification:_identify(hmi/templates) by extension 'ignore'
[1.500s] Level 1:colcon.colcon_core.package_identification:_identify(hmi/templates) by extension 'ignore_ament_install'
[1.502s] Level 1:colcon.colcon_core.package_identification:_identify(hmi/templates) by extensions ['colcon_pkg']
[1.502s] Level 1:colcon.colcon_core.package_identification:_identify(hmi/templates) by extension 'colcon_pkg'
[1.502s] Level 1:colcon.colcon_core.package_identification:_identify(hmi/templates) by extensions ['colcon_meta']
[1.503s] Level 1:colcon.colcon_core.package_identification:_identify(hmi/templates) by extension 'colcon_meta'
[1.503s] Level 1:colcon.colcon_core.package_identification:_identify(hmi/templates) by extensions ['ros']
[1.503s] Level 1:colcon.colcon_core.package_identification:_identify(hmi/templates) by extension 'ros'
[1.504s] Level 1:colcon.colcon_core.package_identification:_identify(hmi/templates) by extensions ['cmake', 'python']
[1.505s] Level 1:colcon.colcon_core.package_identification:_identify(hmi/templates) by extension 'cmake'
[1.506s] Level 1:colcon.colcon_core.package_identification:_identify(hmi/templates) by extension 'python'
[1.506s] Level 1:colcon.colcon_core.package_identification:_identify(hmi/templates) by extensions ['python_setup_py']
[1.507s] Level 1:colcon.colcon_core.package_identification:_identify(hmi/templates) by extension 'python_setup_py'
[1.509s] Level 1:colcon.colcon_core.package_identification:_identify(install) by extensions ['ignore', 'ignore_ament_install']
[1.509s] Level 1:colcon.colcon_core.package_identification:_identify(install) by extension 'ignore'
[1.510s] Level 1:colcon.colcon_core.package_identification:_identify(install) ignored
[1.515s] Level 1:colcon.colcon_core.package_identification:_identify(log) by extensions ['ignore', 'ignore_ament_install']
[1.516s] Level 1:colcon.colcon_core.package_identification:_identify(log) by extension 'ignore'
[1.517s] Level 1:colcon.colcon_core.package_identification:_identify(log) ignored
[1.519s] Level 1:colcon.colcon_core.package_identification:_identify(src) by extensions ['ignore', 'ignore_ament_install']
[1.519s] Level 1:colcon.colcon_core.package_identification:_identify(src) by extension 'ignore'
[1.520s] Level 1:colcon.colcon_core.package_identification:_identify(src) by extension 'ignore_ament_install'
[1.521s] Level 1:colcon.colcon_core.package_identification:_identify(src) by extensions ['colcon_pkg']
[1.521s] Level 1:colcon.colcon_core.package_identification:_identify(src) by extension 'colcon_pkg'
[1.522s] Level 1:colcon.colcon_core.package_identification:_identify(src) by extensions ['colcon_meta']
[1.522s] Level 1:colcon.colcon_core.package_identification:_identify(src) by extension 'colcon_meta'
[1.523s] Level 1:colcon.colcon_core.package_identification:_identify(src) by extensions ['ros']
[1.523s] Level 1:colcon.colcon_core.package_identification:_identify(src) by extension 'ros'
[1.525s] Level 1:colcon.colcon_core.package_identification:_identify(src) by extensions ['cmake', 'python']
[1.525s] Level 1:colcon.colcon_core.package_identification:_identify(src) by extension 'cmake'
[1.527s] Level 1:colcon.colcon_core.package_identification:_identify(src) by extension 'python'
[1.528s] Level 1:colcon.colcon_core.package_identification:_identify(src) by extensions ['python_setup_py']
[1.528s] Level 1:colcon.colcon_core.package_identification:_identify(src) by extension 'python_setup_py'
[1.530s] Level 1:colcon.colcon_core.package_identification:_identify(src/barcode_scanner) by extensions ['ignore', 'ignore_ament_install']
[1.531s] Level 1:colcon.colcon_core.package_identification:_identify(src/barcode_scanner) by extension 'ignore'
[1.532s] Level 1:colcon.colcon_core.package_identification:_identify(src/barcode_scanner) by extension 'ignore_ament_install'
[1.533s] Level 1:colcon.colcon_core.package_identification:_identify(src/barcode_scanner) by extensions ['colcon_pkg']
[1.533s] Level 1:colcon.colcon_core.package_identification:_identify(src/barcode_scanner) by extension 'colcon_pkg'
[1.535s] Level 1:colcon.colcon_core.package_identification:_identify(src/barcode_scanner) by extensions ['colcon_meta']
[1.536s] Level 1:colcon.colcon_core.package_identification:_identify(src/barcode_scanner) by extension 'colcon_meta'
[1.536s] Level 1:colcon.colcon_core.package_identification:_identify(src/barcode_scanner) by extensions ['ros']
[1.536s] Level 1:colcon.colcon_core.package_identification:_identify(src/barcode_scanner) by extension 'ros'
[1.544s] DEBUG:colcon.colcon_core.package_identification:Package 'src/barcode_scanner' with type 'ros.ament_python' and name 'barcode_scanner'
[1.547s] Level 1:colcon.colcon_core.package_identification:_identify(src/door_handle) by extensions ['ignore', 'ignore_ament_install']
[1.548s] Level 1:colcon.colcon_core.package_identification:_identify(src/door_handle) by extension 'ignore'
[1.549s] Level 1:colcon.colcon_core.package_identification:_identify(src/door_handle) by extension 'ignore_ament_install'
[1.550s] Level 1:colcon.colcon_core.package_identification:_identify(src/door_handle) by extensions ['colcon_pkg']
[1.550s] Level 1:colcon.colcon_core.package_identification:_identify(src/door_handle) by extension 'colcon_pkg'
[1.551s] Level 1:colcon.colcon_core.package_identification:_identify(src/door_handle) by extensions ['colcon_meta']
[1.551s] Level 1:colcon.colcon_core.package_identification:_identify(src/door_handle) by extension 'colcon_meta'
[1.552s] Level 1:colcon.colcon_core.package_identification:_identify(src/door_handle) by extensions ['ros']
[1.552s] Level 1:colcon.colcon_core.package_identification:_identify(src/door_handle) by extension 'ros'
[1.555s] DEBUG:colcon.colcon_core.package_identification:Package 'src/door_handle' with type 'ros.ament_python' and name 'door_handle'
[1.557s] Level 1:colcon.colcon_core.package_identification:_identify(src/emergency_button) by extensions ['ignore', 'ignore_ament_install']
[1.558s] Level 1:colcon.colcon_core.package_identification:_identify(src/emergency_button) by extension 'ignore'
[1.560s] Level 1:colcon.colcon_core.package_identification:_identify(src/emergency_button) by extension 'ignore_ament_install'
[1.561s] Level 1:colcon.colcon_core.package_identification:_identify(src/emergency_button) by extensions ['colcon_pkg']
[1.561s] Level 1:colcon.colcon_core.package_identification:_identify(src/emergency_button) by extension 'colcon_pkg'
[1.562s] Level 1:colcon.colcon_core.package_identification:_identify(src/emergency_button) by extensions ['colcon_meta']
[1.562s] Level 1:colcon.colcon_core.package_identification:_identify(src/emergency_button) by extension 'colcon_meta'
[1.563s] Level 1:colcon.colcon_core.package_identification:_identify(src/emergency_button) by extensions ['ros']
[1.563s] Level 1:colcon.colcon_core.package_identification:_identify(src/emergency_button) by extension 'ros'
[1.566s] DEBUG:colcon.colcon_core.package_identification:Package 'src/emergency_button' with type 'ros.ament_python' and name 'emergency_button'
[1.568s] Level 1:colcon.colcon_core.package_identification:_identify(src/stack_light) by extensions ['ignore', 'ignore_ament_install']
[1.568s] Level 1:colcon.colcon_core.package_identification:_identify(src/stack_light) by extension 'ignore'
[1.569s] Level 1:colcon.colcon_core.package_identification:_identify(src/stack_light) by extension 'ignore_ament_install'
[1.571s] Level 1:colcon.colcon_core.package_identification:_identify(src/stack_light) by extensions ['colcon_pkg']
[1.571s] Level 1:colcon.colcon_core.package_identification:_identify(src/stack_light) by extension 'colcon_pkg'
[1.572s] Level 1:colcon.colcon_core.package_identification:_identify(src/stack_light) by extensions ['colcon_meta']
[1.572s] Level 1:colcon.colcon_core.package_identification:_identify(src/stack_light) by extension 'colcon_meta'
[1.573s] Level 1:colcon.colcon_core.package_identification:_identify(src/stack_light) by extensions ['ros']
[1.573s] Level 1:colcon.colcon_core.package_identification:_identify(src/stack_light) by extension 'ros'
[1.579s] DEBUG:colcon.colcon_core.package_identification:Package 'src/stack_light' with type 'ros.ament_python' and name 'stack_light'
[1.580s] Level 1:colcon.colcon_core.package_discovery:discover_packages(recursive) using defaults
[1.581s] Level 1:colcon.colcon_core.package_discovery:discover_packages(ignore) discover
[1.581s] Level 1:colcon.colcon_core.package_discovery:discover_packages(ignore) using defaults
[1.581s] Level 1:colcon.colcon_core.package_discovery:discover_packages(path) discover
[1.581s] Level 1:colcon.colcon_core.package_discovery:discover_packages(path) using defaults
[1.634s] Level 5:colcon.colcon_core.verb:set package 'barcode_scanner' build argument 'cmake_args' from command line to 'None'
[1.635s] Level 5:colcon.colcon_core.verb:set package 'barcode_scanner' build argument 'cmake_target' from command line to 'None'
[1.635s] Level 5:colcon.colcon_core.verb:set package 'barcode_scanner' build argument 'cmake_target_skip_unavailable' from command line to 'False'
[1.635s] Level 5:colcon.colcon_core.verb:set package 'barcode_scanner' build argument 'cmake_clean_cache' from command line to 'False'
[1.636s] Level 5:colcon.colcon_core.verb:set package 'barcode_scanner' build argument 'cmake_clean_first' from command line to 'False'
[1.637s] Level 5:colcon.colcon_core.verb:set package 'barcode_scanner' build argument 'cmake_force_configure' from command line to 'False'
[1.638s] Level 5:colcon.colcon_core.verb:set package 'barcode_scanner' build argument 'ament_cmake_args' from command line to 'None'
[1.638s] Level 5:colcon.colcon_core.verb:set package 'barcode_scanner' build argument 'catkin_cmake_args' from command line to 'None'
[1.638s] Level 5:colcon.colcon_core.verb:set package 'barcode_scanner' build argument 'catkin_skip_building_tests' from command line to 'False'
[1.638s] DEBUG:colcon.colcon_core.verb:Building package 'barcode_scanner' with the following arguments: {'ament_cmake_args': None, 'build_base': '/ros2_ws/build/barcode_scanner', 'catkin_cmake_args': None, 'catkin_skip_building_tests': False, 'cmake_args': None, 'cmake_clean_cache': False, 'cmake_clean_first': False, 'cmake_force_configure': False, 'cmake_target': None, 'cmake_target_skip_unavailable': False, 'install_base': '/ros2_ws/install/barcode_scanner', 'merge_install': False, 'path': '/ros2_ws/src/barcode_scanner', 'symlink_install': False, 'test_result_base': None}
[1.640s] Level 5:colcon.colcon_core.verb:set package 'door_handle' build argument 'cmake_args' from command line to 'None'
[1.640s] Level 5:colcon.colcon_core.verb:set package 'door_handle' build argument 'cmake_target' from command line to 'None'
[1.640s] Level 5:colcon.colcon_core.verb:set package 'door_handle' build argument 'cmake_target_skip_unavailable' from command line to 'False'
[1.641s] Level 5:colcon.colcon_core.verb:set package 'door_handle' build argument 'cmake_clean_cache' from command line to 'False'
[1.641s] Level 5:colcon.colcon_core.verb:set package 'door_handle' build argument 'cmake_clean_first' from command line to 'False'
[1.641s] Level 5:colcon.colcon_core.verb:set package 'door_handle' build argument 'cmake_force_configure' from command line to 'False'
[1.642s] Level 5:colcon.colcon_core.verb:set package 'door_handle' build argument 'ament_cmake_args' from command line to 'None'
[1.642s] Level 5:colcon.colcon_core.verb:set package 'door_handle' build argument 'catkin_cmake_args' from command line to 'None'
[1.642s] Level 5:colcon.colcon_core.verb:set package 'door_handle' build argument 'catkin_skip_building_tests' from command line to 'False'
[1.642s] DEBUG:colcon.colcon_core.verb:Building package 'door_handle' with the following arguments: {'ament_cmake_args': None, 'build_base': '/ros2_ws/build/door_handle', 'catkin_cmake_args': None, 'catkin_skip_building_tests': False, 'cmake_args': None, 'cmake_clean_cache': False, 'cmake_clean_first': False, 'cmake_force_configure': False, 'cmake_target': None, 'cmake_target_skip_unavailable': False, 'install_base': '/ros2_ws/install/door_handle', 'merge_install': False, 'path': '/ros2_ws/src/door_handle', 'symlink_install': False, 'test_result_base': None}
[1.645s] Level 5:colcon.colcon_core.verb:set package 'emergency_button' build argument 'cmake_args' from command line to 'None'
[1.645s] Level 5:colcon.colcon_core.verb:set package 'emergency_button' build argument 'cmake_target' from command line to 'None'
[1.645s] Level 5:colcon.colcon_core.verb:set package 'emergency_button' build argument 'cmake_target_skip_unavailable' from command line to 'False'
[1.647s] Level 5:colcon.colcon_core.verb:set package 'emergency_button' build argument 'cmake_clean_cache' from command line to 'False'
[1.647s] Level 5:colcon.colcon_core.verb:set package 'emergency_button' build argument 'cmake_clean_first' from command line to 'False'
[1.647s] Level 5:colcon.colcon_core.verb:set package 'emergency_button' build argument 'cmake_force_configure' from command line to 'False'
[1.648s] Level 5:colcon.colcon_core.verb:set package 'emergency_button' build argument 'ament_cmake_args' from command line to 'None'
[1.648s] Level 5:colcon.colcon_core.verb:set package 'emergency_button' build argument 'catkin_cmake_args' from command line to 'None'
[1.648s] Level 5:colcon.colcon_core.verb:set package 'emergency_button' build argument 'catkin_skip_building_tests' from command line to 'False'
[1.649s] DEBUG:colcon.colcon_core.verb:Building package 'emergency_button' with the following arguments: {'ament_cmake_args': None, 'build_base': '/ros2_ws/build/emergency_button', 'catkin_cmake_args': None, 'catkin_skip_building_tests': False, 'cmake_args': None, 'cmake_clean_cache': False, 'cmake_clean_first': False, 'cmake_force_configure': False, 'cmake_target': None, 'cmake_target_skip_unavailable': False, 'install_base': '/ros2_ws/install/emergency_button', 'merge_install': False, 'path': '/ros2_ws/src/emergency_button', 'symlink_install': False, 'test_result_base': None}
[1.650s] Level 5:colcon.colcon_core.verb:set package 'stack_light' build argument 'cmake_args' from command line to 'None'
[1.650s] Level 5:colcon.colcon_core.verb:set package 'stack_light' build argument 'cmake_target' from command line to 'None'
[1.654s] Level 5:colcon.colcon_core.verb:set package 'stack_light' build argument 'cmake_target_skip_unavailable' from command line to 'False'
[1.655s] Level 5:colcon.colcon_core.verb:set package 'stack_light' build argument 'cmake_clean_cache' from command line to 'False'
[1.655s] Level 5:colcon.colcon_core.verb:set package 'stack_light' build argument 'cmake_clean_first' from command line to 'False'
[1.655s] Level 5:colcon.colcon_core.verb:set package 'stack_light' build argument 'cmake_force_configure' from command line to 'False'
[1.656s] Level 5:colcon.colcon_core.verb:set package 'stack_light' build argument 'ament_cmake_args' from command line to 'None'
[1.656s] Level 5:colcon.colcon_core.verb:set package 'stack_light' build argument 'catkin_cmake_args' from command line to 'None'
[1.657s] Level 5:colcon.colcon_core.verb:set package 'stack_light' build argument 'catkin_skip_building_tests' from command line to 'False'
[1.657s] DEBUG:colcon.colcon_core.verb:Building package 'stack_light' with the following arguments: {'ament_cmake_args': None, 'build_base': '/ros2_ws/build/stack_light', 'catkin_cmake_args': None, 'catkin_skip_building_tests': False, 'cmake_args': None, 'cmake_clean_cache': False, 'cmake_clean_first': False, 'cmake_force_configure': False, 'cmake_target': None, 'cmake_target_skip_unavailable': False, 'install_base': '/ros2_ws/install/stack_light', 'merge_install': False, 'path': '/ros2_ws/src/stack_light', 'symlink_install': False, 'test_result_base': None}
[1.658s] INFO:colcon.colcon_core.executor:Executing jobs using 'parallel' executor
[1.687s] DEBUG:colcon.colcon_parallel_executor.executor.parallel:run_until_complete
[1.687s] INFO:colcon.colcon_ros.task.ament_python.build:Building ROS package in '/ros2_ws/src/barcode_scanner' with build type 'ament_python'
[1.688s] Level 1:colcon.colcon_core.shell:create_environment_hook('barcode_scanner', 'ament_prefix_path')
[1.692s] INFO:colcon.colcon_core.plugin_system:Skipping extension 'colcon_core.shell.bat': Not used on non-Windows systems
[1.694s] INFO:colcon.colcon_core.shell:Creating environment hook '/ros2_ws/install/barcode_scanner/share/barcode_scanner/hook/ament_prefix_path.ps1'
[1.708s] INFO:colcon.colcon_core.shell:Creating environment descriptor '/ros2_ws/install/barcode_scanner/share/barcode_scanner/hook/ament_prefix_path.dsv'
[1.714s] INFO:colcon.colcon_core.shell:Creating environment hook '/ros2_ws/install/barcode_scanner/share/barcode_scanner/hook/ament_prefix_path.sh'
[1.724s] INFO:colcon.colcon_core.shell:Skip shell extension 'powershell' for command environment: Not usable outside of PowerShell
[1.724s] DEBUG:colcon.colcon_core.shell:Skip shell extension 'dsv' for command environment
[1.736s] INFO:colcon.colcon_ros.task.ament_python.build:Building ROS package in '/ros2_ws/src/door_handle' with build type 'ament_python'
[1.736s] Level 1:colcon.colcon_core.shell:create_environment_hook('door_handle', 'ament_prefix_path')
[1.737s] INFO:colcon.colcon_core.shell:Creating environment hook '/ros2_ws/install/door_handle/share/door_handle/hook/ament_prefix_path.ps1'
[1.740s] INFO:colcon.colcon_core.shell:Creating environment descriptor '/ros2_ws/install/door_handle/share/door_handle/hook/ament_prefix_path.dsv'
[1.743s] INFO:colcon.colcon_core.shell:Creating environment hook '/ros2_ws/install/door_handle/share/door_handle/hook/ament_prefix_path.sh'
[1.753s] INFO:colcon.colcon_core.shell:Skip shell extension 'powershell' for command environment: Not usable outside of PowerShell
[1.755s] DEBUG:colcon.colcon_core.shell:Skip shell extension 'dsv' for command environment
[1.779s] INFO:colcon.colcon_ros.task.ament_python.build:Building ROS package in '/ros2_ws/src/emergency_button' with build type 'ament_python'
[1.782s] Level 1:colcon.colcon_core.shell:create_environment_hook('emergency_button', 'ament_prefix_path')
[1.784s] INFO:colcon.colcon_core.shell:Creating environment hook '/ros2_ws/install/emergency_button/share/emergency_button/hook/ament_prefix_path.ps1'
[1.795s] INFO:colcon.colcon_core.shell:Creating environment descriptor '/ros2_ws/install/emergency_button/share/emergency_button/hook/ament_prefix_path.dsv'
[1.798s] INFO:colcon.colcon_core.shell:Creating environment hook '/ros2_ws/install/emergency_button/share/emergency_button/hook/ament_prefix_path.sh'
[1.801s] INFO:colcon.colcon_core.shell:Skip shell extension 'powershell' for command environment: Not usable outside of PowerShell
[1.801s] DEBUG:colcon.colcon_core.shell:Skip shell extension 'dsv' for command environment
[1.813s] INFO:colcon.colcon_ros.task.ament_python.build:Building ROS package in '/ros2_ws/src/stack_light' with build type 'ament_python'
[1.818s] Level 1:colcon.colcon_core.shell:create_environment_hook('stack_light', 'ament_prefix_path')
[1.823s] INFO:colcon.colcon_core.shell:Creating environment hook '/ros2_ws/install/stack_light/share/stack_light/hook/ament_prefix_path.ps1'
[1.829s] INFO:colcon.colcon_core.shell:Creating environment descriptor '/ros2_ws/install/stack_light/share/stack_light/hook/ament_prefix_path.dsv'
[1.841s] INFO:colcon.colcon_core.shell:Creating environment hook '/ros2_ws/install/stack_light/share/stack_light/hook/ament_prefix_path.sh'
[1.846s] INFO:colcon.colcon_core.shell:Skip shell extension 'powershell' for command environment: Not usable outside of PowerShell
[1.846s] DEBUG:colcon.colcon_core.shell:Skip shell extension 'dsv' for command environment
[2.455s] INFO:colcon.colcon_core.task.python.build:Building Python package in '/ros2_ws/src/barcode_scanner'
[2.456s] INFO:colcon.colcon_core.shell:Skip shell extension 'powershell' for command environment: Not usable outside of PowerShell
[2.456s] DEBUG:colcon.colcon_core.shell:Skip shell extension 'dsv' for command environment
[2.946s] INFO:colcon.colcon_core.task.python.build:Building Python package in '/ros2_ws/src/door_handle'
[2.947s] INFO:colcon.colcon_core.shell:Skip shell extension 'powershell' for command environment: Not usable outside of PowerShell
[2.947s] DEBUG:colcon.colcon_core.shell:Skip shell extension 'dsv' for command environment
[3.368s] INFO:colcon.colcon_core.task.python.build:Building Python package in '/ros2_ws/src/emergency_button'
[3.369s] INFO:colcon.colcon_core.shell:Skip shell extension 'powershell' for command environment: Not usable outside of PowerShell
[3.369s] DEBUG:colcon.colcon_core.shell:Skip shell extension 'dsv' for command environment
[3.983s] INFO:colcon.colcon_core.task.python.build:Building Python package in '/ros2_ws/src/stack_light'
[3.984s] INFO:colcon.colcon_core.shell:Skip shell extension 'powershell' for command environment: Not usable outside of PowerShell
[3.984s] DEBUG:colcon.colcon_core.shell:Skip shell extension 'dsv' for command environment
[5.238s] DEBUG:colcon.colcon_core.event_handler.log_command:Invoking command in '/ros2_ws/src/door_handle': PYTHONPATH=/ros2_ws/build/door_handle/prefix_override:/usr/lib/python3/dist-packages/colcon_core/task/python/colcon_distutils_commands:/ros2_ws/install/door_handle/lib/python3.10/site-packages:${PYTHONPATH} /usr/bin/python3 -W ignore:setup.py install is deprecated -W ignore:easy_install command is deprecated setup.py egg_info --egg-base ../../build/door_handle build --build-base /ros2_ws/build/door_handle/build install --record /ros2_ws/build/door_handle/install.log --single-version-externally-managed install_data
[5.303s] DEBUG:colcon.colcon_core.event_handler.log_command:Invoking command in '/ros2_ws/src/emergency_button': PYTHONPATH=/ros2_ws/build/emergency_button/prefix_override:/usr/lib/python3/dist-packages/colcon_core/task/python/colcon_distutils_commands:/ros2_ws/install/emergency_button/lib/python3.10/site-packages:${PYTHONPATH} /usr/bin/python3 -W ignore:setup.py install is deprecated -W ignore:easy_install command is deprecated setup.py egg_info --egg-base ../../build/emergency_button build --build-base /ros2_ws/build/emergency_button/build install --record /ros2_ws/build/emergency_button/install.log --single-version-externally-managed install_data
[5.399s] DEBUG:colcon.colcon_core.event_handler.log_command:Invoking command in '/ros2_ws/src/stack_light': PYTHONPATH=/ros2_ws/build/stack_light/prefix_override:/usr/lib/python3/dist-packages/colcon_core/task/python/colcon_distutils_commands:/ros2_ws/install/stack_light/lib/python3.10/site-packages:${PYTHONPATH} /usr/bin/python3 -W ignore:setup.py install is deprecated -W ignore:easy_install command is deprecated setup.py egg_info --egg-base ../../build/stack_light build --build-base /ros2_ws/build/stack_light/build install --record /ros2_ws/build/stack_light/install.log --single-version-externally-managed install_data
[5.479s] DEBUG:colcon.colcon_core.event_handler.log_command:Invoking command in '/ros2_ws/src/barcode_scanner': PYTHONPATH=/ros2_ws/build/barcode_scanner/prefix_override:/usr/lib/python3/dist-packages/colcon_core/task/python/colcon_distutils_commands:/ros2_ws/install/barcode_scanner/lib/python3.10/site-packages:${PYTHONPATH} /usr/bin/python3 -W ignore:setup.py install is deprecated -W ignore:easy_install command is deprecated setup.py egg_info --egg-base ../../build/barcode_scanner build --build-base /ros2_ws/build/barcode_scanner/build install --record /ros2_ws/build/barcode_scanner/install.log --single-version-externally-managed install_data
[6.320s] Level 1:colcon.colcon_core.environment:checking '/ros2_ws/install/door_handle' for CMake module files
[6.336s] Level 1:colcon.colcon_core.environment:checking '/ros2_ws/install/door_handle' for CMake config files
[6.338s] DEBUG:colcon.colcon_core.event_handler.log_command:Invoked command in '/ros2_ws/src/door_handle' returned '0': PYTHONPATH=/ros2_ws/build/door_handle/prefix_override:/usr/lib/python3/dist-packages/colcon_core/task/python/colcon_distutils_commands:/ros2_ws/install/door_handle/lib/python3.10/site-packages:${PYTHONPATH} /usr/bin/python3 -W ignore:setup.py install is deprecated -W ignore:easy_install command is deprecated setup.py egg_info --egg-base ../../build/door_handle build --build-base /ros2_ws/build/door_handle/build install --record /ros2_ws/build/door_handle/install.log --single-version-externally-managed install_data
[6.359s] Level 1:colcon.colcon_core.environment:checking '/ros2_ws/install/door_handle/lib'
[6.375s] Level 1:colcon.colcon_core.environment:checking '/ros2_ws/install/door_handle/bin'
[6.378s] Level 1:colcon.colcon_core.environment:checking '/ros2_ws/install/door_handle/lib/pkgconfig/door_handle.pc'
[6.382s] Level 1:colcon.colcon_core.environment:checking '/ros2_ws/install/door_handle/lib/python3.10/site-packages'
[6.386s] Level 1:colcon.colcon_core.shell:create_environment_hook('door_handle', 'pythonpath')
[6.388s] INFO:colcon.colcon_core.shell:Creating environment hook '/ros2_ws/install/door_handle/share/door_handle/hook/pythonpath.ps1'
[6.392s] INFO:colcon.colcon_core.shell:Creating environment descriptor '/ros2_ws/install/door_handle/share/door_handle/hook/pythonpath.dsv'
[6.397s] INFO:colcon.colcon_core.shell:Creating environment hook '/ros2_ws/install/door_handle/share/door_handle/hook/pythonpath.sh'
[6.413s] Level 1:colcon.colcon_core.environment:checking '/ros2_ws/install/door_handle/bin'
[6.415s] Level 1:colcon.colcon_core.environment:create_environment_scripts_only(door_handle)
[6.417s] INFO:colcon.colcon_core.shell:Creating package script '/ros2_ws/install/door_handle/share/door_handle/package.ps1'
[6.465s] INFO:colcon.colcon_core.shell:Creating package descriptor '/ros2_ws/install/door_handle/share/door_handle/package.dsv'
[6.499s] INFO:colcon.colcon_core.shell:Creating package script '/ros2_ws/install/door_handle/share/door_handle/package.sh'
[6.502s] INFO:colcon.colcon_core.shell:Creating package script '/ros2_ws/install/door_handle/share/door_handle/package.bash'
[6.508s] INFO:colcon.colcon_core.shell:Creating package script '/ros2_ws/install/door_handle/share/door_handle/package.zsh'
[6.518s] Level 1:colcon.colcon_core.environment:create_file_with_runtime_dependencies(/ros2_ws/install/door_handle/share/colcon-core/packages/door_handle)
[6.525s] Level 1:colcon.colcon_core.environment:checking '/ros2_ws/install/stack_light' for CMake module files
[6.533s] DEBUG:colcon.colcon_core.event_handler.log_command:Invoked command in '/ros2_ws/src/stack_light' returned '0': PYTHONPATH=/ros2_ws/build/stack_light/prefix_override:/usr/lib/python3/dist-packages/colcon_core/task/python/colcon_distutils_commands:/ros2_ws/install/stack_light/lib/python3.10/site-packages:${PYTHONPATH} /usr/bin/python3 -W ignore:setup.py install is deprecated -W ignore:easy_install command is deprecated setup.py egg_info --egg-base ../../build/stack_light build --build-base /ros2_ws/build/stack_light/build install --record /ros2_ws/build/stack_light/install.log --single-version-externally-managed install_data
[6.537s] Level 1:colcon.colcon_core.environment:checking '/ros2_ws/install/stack_light' for CMake config files
[6.565s] Level 1:colcon.colcon_core.environment:checking '/ros2_ws/install/stack_light/lib'
[6.567s] Level 1:colcon.colcon_core.environment:checking '/ros2_ws/install/stack_light/bin'
[6.568s] Level 1:colcon.colcon_core.environment:checking '/ros2_ws/install/stack_light/lib/pkgconfig/stack_light.pc'
[6.569s] Level 1:colcon.colcon_core.environment:checking '/ros2_ws/install/stack_light/lib/python3.10/site-packages'
[6.569s] Level 1:colcon.colcon_core.shell:create_environment_hook('stack_light', 'pythonpath')
[6.570s] INFO:colcon.colcon_core.shell:Creating environment hook '/ros2_ws/install/stack_light/share/stack_light/hook/pythonpath.ps1'
[6.573s] INFO:colcon.colcon_core.shell:Creating environment descriptor '/ros2_ws/install/stack_light/share/stack_light/hook/pythonpath.dsv'
[6.578s] INFO:colcon.colcon_core.shell:Creating environment hook '/ros2_ws/install/stack_light/share/stack_light/hook/pythonpath.sh'
[6.582s] Level 1:colcon.colcon_core.environment:checking '/ros2_ws/install/stack_light/bin'
[6.582s] Level 1:colcon.colcon_core.environment:create_environment_scripts_only(stack_light)
[6.583s] INFO:colcon.colcon_core.shell:Creating package script '/ros2_ws/install/stack_light/share/stack_light/package.ps1'
[6.587s] INFO:colcon.colcon_core.shell:Creating package descriptor '/ros2_ws/install/stack_light/share/stack_light/package.dsv'
[6.589s] INFO:colcon.colcon_core.shell:Creating package script '/ros2_ws/install/stack_light/share/stack_light/package.sh'
[6.591s] INFO:colcon.colcon_core.shell:Creating package script '/ros2_ws/install/stack_light/share/stack_light/package.bash'
[6.594s] INFO:colcon.colcon_core.shell:Creating package script '/ros2_ws/install/stack_light/share/stack_light/package.zsh'
[6.596s] Level 1:colcon.colcon_core.environment:create_file_with_runtime_dependencies(/ros2_ws/install/stack_light/share/colcon-core/packages/stack_light)
[6.599s] Level 1:colcon.colcon_core.environment:checking '/ros2_ws/install/emergency_button' for CMake module files
[6.609s] DEBUG:colcon.colcon_core.event_handler.log_command:Invoked command in '/ros2_ws/src/emergency_button' returned '0': PYTHONPATH=/ros2_ws/build/emergency_button/prefix_override:/usr/lib/python3/dist-packages/colcon_core/task/python/colcon_distutils_commands:/ros2_ws/install/emergency_button/lib/python3.10/site-packages:${PYTHONPATH} /usr/bin/python3 -W ignore:setup.py install is deprecated -W ignore:easy_install command is deprecated setup.py egg_info --egg-base ../../build/emergency_button build --build-base /ros2_ws/build/emergency_button/build install --record /ros2_ws/build/emergency_button/install.log --single-version-externally-managed install_data
[6.613s] Level 1:colcon.colcon_core.environment:checking '/ros2_ws/install/emergency_button' for CMake config files
[6.632s] Level 1:colcon.colcon_core.environment:checking '/ros2_ws/install/emergency_button/lib'
[6.633s] Level 1:colcon.colcon_core.environment:checking '/ros2_ws/install/emergency_button/bin'
[6.633s] Level 1:colcon.colcon_core.environment:checking '/ros2_ws/install/emergency_button/lib/pkgconfig/emergency_button.pc'
[6.634s] Level 1:colcon.colcon_core.environment:checking '/ros2_ws/install/emergency_button/lib/python3.10/site-packages'
[6.635s] Level 1:colcon.colcon_core.shell:create_environment_hook('emergency_button', 'pythonpath')
[6.635s] INFO:colcon.colcon_core.shell:Creating environment hook '/ros2_ws/install/emergency_button/share/emergency_button/hook/pythonpath.ps1'
[6.638s] INFO:colcon.colcon_core.shell:Creating environment descriptor '/ros2_ws/install/emergency_button/share/emergency_button/hook/pythonpath.dsv'
[6.641s] INFO:colcon.colcon_core.shell:Creating environment hook '/ros2_ws/install/emergency_button/share/emergency_button/hook/pythonpath.sh'
[6.644s] Level 1:colcon.colcon_core.environment:checking '/ros2_ws/install/emergency_button/bin'
[6.644s] Level 1:colcon.colcon_core.environment:create_environment_scripts_only(emergency_button)
[6.646s] INFO:colcon.colcon_core.shell:Creating package script '/ros2_ws/install/emergency_button/share/emergency_button/package.ps1'
[6.648s] INFO:colcon.colcon_core.shell:Creating package descriptor '/ros2_ws/install/emergency_button/share/emergency_button/package.dsv'
[6.652s] INFO:colcon.colcon_core.shell:Creating package script '/ros2_ws/install/emergency_button/share/emergency_button/package.sh'
[6.655s] INFO:colcon.colcon_core.shell:Creating package script '/ros2_ws/install/emergency_button/share/emergency_button/package.bash'
[6.659s] INFO:colcon.colcon_core.shell:Creating package script '/ros2_ws/install/emergency_button/share/emergency_button/package.zsh'
[6.667s] Level 1:colcon.colcon_core.environment:create_file_with_runtime_dependencies(/ros2_ws/install/emergency_button/share/colcon-core/packages/emergency_button)
[6.674s] Level 1:colcon.colcon_core.environment:checking '/ros2_ws/install/barcode_scanner' for CMake module files
[6.685s] DEBUG:colcon.colcon_core.event_handler.log_command:Invoked command in '/ros2_ws/src/barcode_scanner' returned '0': PYTHONPATH=/ros2_ws/build/barcode_scanner/prefix_override:/usr/lib/python3/dist-packages/colcon_core/task/python/colcon_distutils_commands:/ros2_ws/install/barcode_scanner/lib/python3.10/site-packages:${PYTHONPATH} /usr/bin/python3 -W ignore:setup.py install is deprecated -W ignore:easy_install command is deprecated setup.py egg_info --egg-base ../../build/barcode_scanner build --build-base /ros2_ws/build/barcode_scanner/build install --record /ros2_ws/build/barcode_scanner/install.log --single-version-externally-managed install_data
[6.688s] Level 1:colcon.colcon_core.environment:checking '/ros2_ws/install/barcode_scanner' for CMake config files
[6.709s] Level 1:colcon.colcon_core.environment:checking '/ros2_ws/install/barcode_scanner/lib'
[6.710s] Level 1:colcon.colcon_core.environment:checking '/ros2_ws/install/barcode_scanner/bin'
[6.711s] Level 1:colcon.colcon_core.environment:checking '/ros2_ws/install/barcode_scanner/lib/pkgconfig/barcode_scanner.pc'
[6.712s] Level 1:colcon.colcon_core.environment:checking '/ros2_ws/install/barcode_scanner/lib/python3.10/site-packages'
[6.712s] Level 1:colcon.colcon_core.shell:create_environment_hook('barcode_scanner', 'pythonpath')
[6.713s] INFO:colcon.colcon_core.shell:Creating environment hook '/ros2_ws/install/barcode_scanner/share/barcode_scanner/hook/pythonpath.ps1'
[6.715s] INFO:colcon.colcon_core.shell:Creating environment descriptor '/ros2_ws/install/barcode_scanner/share/barcode_scanner/hook/pythonpath.dsv'
[6.718s] INFO:colcon.colcon_core.shell:Creating environment hook '/ros2_ws/install/barcode_scanner/share/barcode_scanner/hook/pythonpath.sh'
[6.721s] Level 1:colcon.colcon_core.environment:checking '/ros2_ws/install/barcode_scanner/bin'
[6.721s] Level 1:colcon.colcon_core.environment:create_environment_scripts_only(barcode_scanner)
[6.722s] INFO:colcon.colcon_core.shell:Creating package script '/ros2_ws/install/barcode_scanner/share/barcode_scanner/package.ps1'
[6.725s] INFO:colcon.colcon_core.shell:Creating package descriptor '/ros2_ws/install/barcode_scanner/share/barcode_scanner/package.dsv'
[6.729s] INFO:colcon.colcon_core.shell:Creating package script '/ros2_ws/install/barcode_scanner/share/barcode_scanner/package.sh'
[6.731s] INFO:colcon.colcon_core.shell:Creating package script '/ros2_ws/install/barcode_scanner/share/barcode_scanner/package.bash'
[6.734s] INFO:colcon.colcon_core.shell:Creating package script '/ros2_ws/install/barcode_scanner/share/barcode_scanner/package.zsh'
[6.738s] Level 1:colcon.colcon_core.environment:create_file_with_runtime_dependencies(/ros2_ws/install/barcode_scanner/share/colcon-core/packages/barcode_scanner)
[6.741s] DEBUG:colcon.colcon_parallel_executor.executor.parallel:closing loop
[6.741s] DEBUG:colcon.colcon_parallel_executor.executor.parallel:loop closed
[6.742s] DEBUG:colcon.colcon_parallel_executor.executor.parallel:run_until_complete finished with '0'
[6.744s] DEBUG:colcon.colcon_core.event_reactor:joining thread
[6.771s] INFO:colcon.colcon_core.plugin_system:Skipping extension 'colcon_notification.desktop_notification.notify_send': Could not find 'notify-send'
[6.771s] INFO:colcon.colcon_core.plugin_system:Skipping extension 'colcon_notification.desktop_notification.terminal_notifier': Not used on non-Darwin systems
[6.772s] INFO:colcon.colcon_core.plugin_system:Skipping extension 'colcon_notification.desktop_notification.win32': Not used on non-Windows systems
[6.772s] INFO:colcon.colcon_notification.desktop_notification:Sending desktop notification using 'notify2'
[6.773s] DEBUG:colcon.colcon_notification.desktop_notification.notify2:Failed to initialize notify2: org.freedesktop.DBus.Error.NotSupported: Unable to autolaunch a dbus-daemon without a $DISPLAY for X11
[6.774s] DEBUG:colcon.colcon_core.event_reactor:joined thread
[6.776s] INFO:colcon.colcon_core.shell:Creating prefix script '/ros2_ws/install/local_setup.ps1'
[6.781s] INFO:colcon.colcon_core.shell:Creating prefix util module '/ros2_ws/install/_local_setup_util_ps1.py'
[6.786s] INFO:colcon.colcon_core.shell:Creating prefix chain script '/ros2_ws/install/setup.ps1'
[6.791s] INFO:colcon.colcon_core.shell:Creating prefix script '/ros2_ws/install/local_setup.sh'
[6.798s] INFO:colcon.colcon_core.shell:Creating prefix util module '/ros2_ws/install/_local_setup_util_sh.py'
[6.802s] INFO:colcon.colcon_core.shell:Creating prefix chain script '/ros2_ws/install/setup.sh'
[6.810s] INFO:colcon.colcon_core.shell:Creating prefix script '/ros2_ws/install/local_setup.bash'
[6.814s] INFO:colcon.colcon_core.shell:Creating prefix chain script '/ros2_ws/install/setup.bash'
[6.820s] INFO:colcon.colcon_core.shell:Creating prefix script '/ros2_ws/install/local_setup.zsh'
[6.831s] INFO:colcon.colcon_core.shell:Creating prefix chain script '/ros2_ws/install/setup.zsh'
