running egg_info
writing ../../build/emergency_button/emergency_button.egg-info/PKG-INFO
writing dependency_links to ../../build/emergency_button/emergency_button.egg-info/dependency_links.txt
writing entry points to ../../build/emergency_button/emergency_button.egg-info/entry_points.txt
writing requirements to ../../build/emergency_button/emergency_button.egg-info/requires.txt
writing top-level names to ../../build/emergency_button/emergency_button.egg-info/top_level.txt
reading manifest file '../../build/emergency_button/emergency_button.egg-info/SOURCES.txt'
writing manifest file '../../build/emergency_button/emergency_button.egg-info/SOURCES.txt'
running build
running build_py
copying emergency_button/emergency_node.py -> /ros2_ws/build/emergency_button/build/lib/emergency_button
running install
running install_lib
copying /ros2_ws/build/emergency_button/build/lib/emergency_button/emergency_node.py -> /ros2_ws/install/emergency_button/lib/python3.10/site-packages/emergency_button
byte-compiling /ros2_ws/install/emergency_button/lib/python3.10/site-packages/emergency_button/emergency_node.py to emergency_node.cpython-310.pyc
running install_data
running install_egg_info
removing '/ros2_ws/install/emergency_button/lib/python3.10/site-packages/emergency_button-0.1.0-py3.10.egg-info' (and everything under it)
Copying ../../build/emergency_button/emergency_button.egg-info to /ros2_ws/install/emergency_button/lib/python3.10/site-packages/emergency_button-0.1.0-py3.10.egg-info
running install_scripts
Installing emergency_node script to /ros2_ws/install/emergency_button/lib/emergency_button
writing list of installed files to '/ros2_ws/build/emergency_button/install.log'
