[4.361s] Invoking command in '/ros2_ws/src/emergency_button': PYTHONPATH=/ros2_ws/build/emergency_button/prefix_override:/usr/lib/python3/dist-packages/colcon_core/task/python/colcon_distutils_commands:/ros2_ws/install/emergency_button/lib/python3.10/site-packages:${PYTHONPATH} /usr/bin/python3 -W ignore:setup.py install is deprecated -W ignore:easy_install command is deprecated setup.py egg_info --egg-base ../../build/emergency_button build --build-base /ros2_ws/build/emergency_button/build install --record /ros2_ws/build/emergency_button/install.log --single-version-externally-managed install_data
[5.278s] running egg_info
[5.281s] writing ../../build/emergency_button/emergency_button.egg-info/PKG-INFO
[5.314s] writing dependency_links to ../../build/emergency_button/emergency_button.egg-info/dependency_links.txt
[5.337s] writing entry points to ../../build/emergency_button/emergency_button.egg-info/entry_points.txt
[5.349s] writing requirements to ../../build/emergency_button/emergency_button.egg-info/requires.txt
[5.352s] writing top-level names to ../../build/emergency_button/emergency_button.egg-info/top_level.txt
[5.364s] reading manifest file '../../build/emergency_button/emergency_button.egg-info/SOURCES.txt'
[5.376s] writing manifest file '../../build/emergency_button/emergency_button.egg-info/SOURCES.txt'
[5.380s] running build
[5.383s] running build_py
[5.391s] running install
[5.392s] running install_lib
[5.397s] running install_data
[5.403s] running install_egg_info
[5.406s] removing '/ros2_ws/install/emergency_button/lib/python3.10/site-packages/emergency_button-0.1.0-py3.10.egg-info' (and everything under it)
[5.410s] Copying ../../build/emergency_button/emergency_button.egg-info to /ros2_ws/install/emergency_button/lib/python3.10/site-packages/emergency_button-0.1.0-py3.10.egg-info
[5.470s] running install_scripts
[5.581s] Installing emergency_node script to /ros2_ws/install/emergency_button/lib/emergency_button
[5.677s] writing list of installed files to '/ros2_ws/build/emergency_button/install.log'
[5.889s] Invoked command in '/ros2_ws/src/emergency_button' returned '0': PYTHONPATH=/ros2_ws/build/emergency_button/prefix_override:/usr/lib/python3/dist-packages/colcon_core/task/python/colcon_distutils_commands:/ros2_ws/install/emergency_button/lib/python3.10/site-packages:${PYTHONPATH} /usr/bin/python3 -W ignore:setup.py install is deprecated -W ignore:easy_install command is deprecated setup.py egg_info --egg-base ../../build/emergency_button build --build-base /ros2_ws/build/emergency_button/build install --record /ros2_ws/build/emergency_button/install.log --single-version-externally-managed install_data
