[0.219s] DEBUG:colcon:Command line arguments: ['/usr/bin/colcon', 'build']
[0.219s] DEBUG:colcon:Parsed command line arguments: Namespace(log_base=None, log_level=None, verb_name='build', build_base='build', install_base='install', merge_install=False, symlink_install=False, test_result_base=None, continue_on_error=False, executor='parallel', parallel_workers=4, event_handlers=None, ignore_user_meta=False, metas=['./colcon.meta'], base_paths=['.'], packages_ignore=None, packages_ignore_regex=None, paths=None, packages_up_to=None, packages_up_to_regex=None, packages_above=None, packages_above_and_dependencies=None, packages_above_depth=None, packages_select_by_dep=None, packages_skip_by_dep=None, packages_skip_up_to=None, packages_select_build_failed=False, packages_skip_build_finished=False, packages_select_test_failures=False, packages_skip_test_passed=False, packages_select=None, packages_skip=None, packages_select_regex=None, packages_skip_regex=None, packages_start=None, packages_end=None, cmake_args=None, cmake_target=None, cmake_target_skip_unavailable=False, cmake_clean_cache=False, cmake_clean_first=False, cmake_force_configure=False, ament_cmake_args=None, catkin_cmake_args=None, catkin_skip_building_tests=False, mixin_files=None, mixin=None, verb_parser=<colcon_mixin.mixin.mixin_argument.MixinArgumentDecorator object at 0x7fbc39322920>, verb_extension=<colcon_core.verb.build.BuildVerb object at 0x7fbc3942f8b0>, main=<bound method BuildVerb.main of <colcon_core.verb.build.BuildVerb object at 0x7fbc3942f8b0>>, mixin_verb=('build',))
[0.464s] Level 1:colcon.colcon_core.package_discovery:discover_packages(colcon_meta) check parameters
[0.466s] INFO:colcon.colcon_metadata.package_discovery.colcon_meta:Using configuration from '/root/.colcon/metadata/default/Gazebo.meta'
[0.467s] INFO:colcon.colcon_metadata.package_discovery.colcon_meta:Using configuration from '/root/.colcon/metadata/default/fastrtps.meta'
[0.467s] Level 1:colcon.colcon_core.package_discovery:discover_packages(recursive) check parameters
[0.468s] Level 1:colcon.colcon_core.package_discovery:discover_packages(ignore) check parameters
[0.468s] Level 1:colcon.colcon_core.package_discovery:discover_packages(path) check parameters
[0.469s] Level 1:colcon.colcon_core.package_discovery:discover_packages(colcon_meta) discover
[0.469s] Level 1:colcon.colcon_core.package_discovery:discover_packages(recursive) discover
[0.470s] INFO:colcon.colcon_core.package_discovery:Crawling recursively for packages in '/ros2_ws'
[0.471s] Level 1:colcon.colcon_core.package_identification:_identify(.) by extensions ['ignore', 'ignore_ament_install']
[0.472s] Level 1:colcon.colcon_core.package_identification:_identify(.) by extension 'ignore'
[0.472s] Level 1:colcon.colcon_core.package_identification:_identify(.) by extension 'ignore_ament_install'
[0.473s] Level 1:colcon.colcon_core.package_identification:_identify(.) by extensions ['colcon_pkg']
[0.473s] Level 1:colcon.colcon_core.package_identification:_identify(.) by extension 'colcon_pkg'
[0.474s] Level 1:colcon.colcon_core.package_identification:_identify(.) by extensions ['colcon_meta']
[0.474s] Level 1:colcon.colcon_core.package_identification:_identify(.) by extension 'colcon_meta'
[0.475s] Level 1:colcon.colcon_core.package_identification:_identify(.) by extensions ['ros']
[0.475s] Level 1:colcon.colcon_core.package_identification:_identify(.) by extension 'ros'
[0.496s] Level 1:colcon.colcon_core.package_identification:_identify(.) by extensions ['cmake', 'python']
[0.496s] Level 1:colcon.colcon_core.package_identification:_identify(.) by extension 'cmake'
[0.498s] Level 1:colcon.colcon_core.package_identification:_identify(.) by extension 'python'
[0.499s] Level 1:colcon.colcon_core.package_identification:_identify(.) by extensions ['python_setup_py']
[0.500s] Level 1:colcon.colcon_core.package_identification:_identify(.) by extension 'python_setup_py'
[0.501s] Level 1:colcon.colcon_core.package_identification:_identify(api) by extensions ['ignore', 'ignore_ament_install']
[0.502s] Level 1:colcon.colcon_core.package_identification:_identify(api) by extension 'ignore'
[0.502s] Level 1:colcon.colcon_core.package_identification:_identify(api) by extension 'ignore_ament_install'
[0.503s] Level 1:colcon.colcon_core.package_identification:_identify(api) by extensions ['colcon_pkg']
[0.503s] Level 1:colcon.colcon_core.package_identification:_identify(api) by extension 'colcon_pkg'
[0.504s] Level 1:colcon.colcon_core.package_identification:_identify(api) by extensions ['colcon_meta']
[0.504s] Level 1:colcon.colcon_core.package_identification:_identify(api) by extension 'colcon_meta'
[0.505s] Level 1:colcon.colcon_core.package_identification:_identify(api) by extensions ['ros']
[0.505s] Level 1:colcon.colcon_core.package_identification:_identify(api) by extension 'ros'
[0.506s] Level 1:colcon.colcon_core.package_identification:_identify(api) by extensions ['cmake', 'python']
[0.506s] Level 1:colcon.colcon_core.package_identification:_identify(api) by extension 'cmake'
[0.507s] Level 1:colcon.colcon_core.package_identification:_identify(api) by extension 'python'
[0.507s] Level 1:colcon.colcon_core.package_identification:_identify(api) by extensions ['python_setup_py']
[0.508s] Level 1:colcon.colcon_core.package_identification:_identify(api) by extension 'python_setup_py'
[0.509s] Level 1:colcon.colcon_core.package_identification:_identify(build) by extensions ['ignore', 'ignore_ament_install']
[0.510s] Level 1:colcon.colcon_core.package_identification:_identify(build) by extension 'ignore'
[0.510s] Level 1:colcon.colcon_core.package_identification:_identify(build) ignored
[0.514s] Level 1:colcon.colcon_core.package_identification:_identify(hmi) by extensions ['ignore', 'ignore_ament_install']
[0.515s] Level 1:colcon.colcon_core.package_identification:_identify(hmi) by extension 'ignore'
[0.516s] Level 1:colcon.colcon_core.package_identification:_identify(hmi) by extension 'ignore_ament_install'
[0.516s] Level 1:colcon.colcon_core.package_identification:_identify(hmi) by extensions ['colcon_pkg']
[0.517s] Level 1:colcon.colcon_core.package_identification:_identify(hmi) by extension 'colcon_pkg'
[0.518s] Level 1:colcon.colcon_core.package_identification:_identify(hmi) by extensions ['colcon_meta']
[0.518s] Level 1:colcon.colcon_core.package_identification:_identify(hmi) by extension 'colcon_meta'
[0.518s] Level 1:colcon.colcon_core.package_identification:_identify(hmi) by extensions ['ros']
[0.519s] Level 1:colcon.colcon_core.package_identification:_identify(hmi) by extension 'ros'
[0.520s] Level 1:colcon.colcon_core.package_identification:_identify(hmi) by extensions ['cmake', 'python']
[0.520s] Level 1:colcon.colcon_core.package_identification:_identify(hmi) by extension 'cmake'
[0.521s] Level 1:colcon.colcon_core.package_identification:_identify(hmi) by extension 'python'
[0.522s] Level 1:colcon.colcon_core.package_identification:_identify(hmi) by extensions ['python_setup_py']
[0.522s] Level 1:colcon.colcon_core.package_identification:_identify(hmi) by extension 'python_setup_py'
[0.523s] Level 1:colcon.colcon_core.package_identification:_identify(hmi/static) by extensions ['ignore', 'ignore_ament_install']
[0.524s] Level 1:colcon.colcon_core.package_identification:_identify(hmi/static) by extension 'ignore'
[0.524s] Level 1:colcon.colcon_core.package_identification:_identify(hmi/static) by extension 'ignore_ament_install'
[0.525s] Level 1:colcon.colcon_core.package_identification:_identify(hmi/static) by extensions ['colcon_pkg']
[0.525s] Level 1:colcon.colcon_core.package_identification:_identify(hmi/static) by extension 'colcon_pkg'
[0.526s] Level 1:colcon.colcon_core.package_identification:_identify(hmi/static) by extensions ['colcon_meta']
[0.527s] Level 1:colcon.colcon_core.package_identification:_identify(hmi/static) by extension 'colcon_meta'
[0.527s] Level 1:colcon.colcon_core.package_identification:_identify(hmi/static) by extensions ['ros']
[0.527s] Level 1:colcon.colcon_core.package_identification:_identify(hmi/static) by extension 'ros'
[0.528s] Level 1:colcon.colcon_core.package_identification:_identify(hmi/static) by extensions ['cmake', 'python']
[0.529s] Level 1:colcon.colcon_core.package_identification:_identify(hmi/static) by extension 'cmake'
[0.530s] Level 1:colcon.colcon_core.package_identification:_identify(hmi/static) by extension 'python'
[0.531s] Level 1:colcon.colcon_core.package_identification:_identify(hmi/static) by extensions ['python_setup_py']
[0.531s] Level 1:colcon.colcon_core.package_identification:_identify(hmi/static) by extension 'python_setup_py'
[0.533s] Level 1:colcon.colcon_core.package_identification:_identify(hmi/templates) by extensions ['ignore', 'ignore_ament_install']
[0.533s] Level 1:colcon.colcon_core.package_identification:_identify(hmi/templates) by extension 'ignore'
[0.534s] Level 1:colcon.colcon_core.package_identification:_identify(hmi/templates) by extension 'ignore_ament_install'
[0.535s] Level 1:colcon.colcon_core.package_identification:_identify(hmi/templates) by extensions ['colcon_pkg']
[0.535s] Level 1:colcon.colcon_core.package_identification:_identify(hmi/templates) by extension 'colcon_pkg'
[0.536s] Level 1:colcon.colcon_core.package_identification:_identify(hmi/templates) by extensions ['colcon_meta']
[0.536s] Level 1:colcon.colcon_core.package_identification:_identify(hmi/templates) by extension 'colcon_meta'
[0.536s] Level 1:colcon.colcon_core.package_identification:_identify(hmi/templates) by extensions ['ros']
[0.537s] Level 1:colcon.colcon_core.package_identification:_identify(hmi/templates) by extension 'ros'
[0.538s] Level 1:colcon.colcon_core.package_identification:_identify(hmi/templates) by extensions ['cmake', 'python']
[0.539s] Level 1:colcon.colcon_core.package_identification:_identify(hmi/templates) by extension 'cmake'
[0.539s] Level 1:colcon.colcon_core.package_identification:_identify(hmi/templates) by extension 'python'
[0.539s] Level 1:colcon.colcon_core.package_identification:_identify(hmi/templates) by extensions ['python_setup_py']
[0.540s] Level 1:colcon.colcon_core.package_identification:_identify(hmi/templates) by extension 'python_setup_py'
[0.541s] Level 1:colcon.colcon_core.package_identification:_identify(install) by extensions ['ignore', 'ignore_ament_install']
[0.542s] Level 1:colcon.colcon_core.package_identification:_identify(install) by extension 'ignore'
[0.542s] Level 1:colcon.colcon_core.package_identification:_identify(install) ignored
[0.545s] Level 1:colcon.colcon_core.package_identification:_identify(log) by extensions ['ignore', 'ignore_ament_install']
[0.545s] Level 1:colcon.colcon_core.package_identification:_identify(log) by extension 'ignore'
[0.545s] Level 1:colcon.colcon_core.package_identification:_identify(log) ignored
[0.547s] Level 1:colcon.colcon_core.package_identification:_identify(src) by extensions ['ignore', 'ignore_ament_install']
[0.547s] Level 1:colcon.colcon_core.package_identification:_identify(src) by extension 'ignore'
[0.548s] Level 1:colcon.colcon_core.package_identification:_identify(src) by extension 'ignore_ament_install'
[0.549s] Level 1:colcon.colcon_core.package_identification:_identify(src) by extensions ['colcon_pkg']
[0.549s] Level 1:colcon.colcon_core.package_identification:_identify(src) by extension 'colcon_pkg'
[0.550s] Level 1:colcon.colcon_core.package_identification:_identify(src) by extensions ['colcon_meta']
[0.550s] Level 1:colcon.colcon_core.package_identification:_identify(src) by extension 'colcon_meta'
[0.551s] Level 1:colcon.colcon_core.package_identification:_identify(src) by extensions ['ros']
[0.551s] Level 1:colcon.colcon_core.package_identification:_identify(src) by extension 'ros'
[0.553s] Level 1:colcon.colcon_core.package_identification:_identify(src) by extensions ['cmake', 'python']
[0.553s] Level 1:colcon.colcon_core.package_identification:_identify(src) by extension 'cmake'
[0.554s] Level 1:colcon.colcon_core.package_identification:_identify(src) by extension 'python'
[0.554s] Level 1:colcon.colcon_core.package_identification:_identify(src) by extensions ['python_setup_py']
[0.555s] Level 1:colcon.colcon_core.package_identification:_identify(src) by extension 'python_setup_py'
[0.556s] Level 1:colcon.colcon_core.package_identification:_identify(src/barcode_scanner) by extensions ['ignore', 'ignore_ament_install']
[0.557s] Level 1:colcon.colcon_core.package_identification:_identify(src/barcode_scanner) by extension 'ignore'
[0.558s] Level 1:colcon.colcon_core.package_identification:_identify(src/barcode_scanner) by extension 'ignore_ament_install'
[0.559s] Level 1:colcon.colcon_core.package_identification:_identify(src/barcode_scanner) by extensions ['colcon_pkg']
[0.559s] Level 1:colcon.colcon_core.package_identification:_identify(src/barcode_scanner) by extension 'colcon_pkg'
[0.560s] Level 1:colcon.colcon_core.package_identification:_identify(src/barcode_scanner) by extensions ['colcon_meta']
[0.560s] Level 1:colcon.colcon_core.package_identification:_identify(src/barcode_scanner) by extension 'colcon_meta'
[0.560s] Level 1:colcon.colcon_core.package_identification:_identify(src/barcode_scanner) by extensions ['ros']
[0.561s] Level 1:colcon.colcon_core.package_identification:_identify(src/barcode_scanner) by extension 'ros'
[0.568s] DEBUG:colcon.colcon_core.package_identification:Package 'src/barcode_scanner' with type 'ros.ament_python' and name 'barcode_scanner'
[0.569s] Level 1:colcon.colcon_core.package_identification:_identify(src/door_handle) by extensions ['ignore', 'ignore_ament_install']
[0.570s] Level 1:colcon.colcon_core.package_identification:_identify(src/door_handle) by extension 'ignore'
[0.570s] Level 1:colcon.colcon_core.package_identification:_identify(src/door_handle) by extension 'ignore_ament_install'
[0.571s] Level 1:colcon.colcon_core.package_identification:_identify(src/door_handle) by extensions ['colcon_pkg']
[0.572s] Level 1:colcon.colcon_core.package_identification:_identify(src/door_handle) by extension 'colcon_pkg'
[0.572s] Level 1:colcon.colcon_core.package_identification:_identify(src/door_handle) by extensions ['colcon_meta']
[0.572s] Level 1:colcon.colcon_core.package_identification:_identify(src/door_handle) by extension 'colcon_meta'
[0.573s] Level 1:colcon.colcon_core.package_identification:_identify(src/door_handle) by extensions ['ros']
[0.574s] Level 1:colcon.colcon_core.package_identification:_identify(src/door_handle) by extension 'ros'
[0.577s] DEBUG:colcon.colcon_core.package_identification:Package 'src/door_handle' with type 'ros.ament_python' and name 'door_handle'
[0.579s] Level 1:colcon.colcon_core.package_identification:_identify(src/emergency_button) by extensions ['ignore', 'ignore_ament_install']
[0.579s] Level 1:colcon.colcon_core.package_identification:_identify(src/emergency_button) by extension 'ignore'
[0.580s] Level 1:colcon.colcon_core.package_identification:_identify(src/emergency_button) by extension 'ignore_ament_install'
[0.581s] Level 1:colcon.colcon_core.package_identification:_identify(src/emergency_button) by extensions ['colcon_pkg']
[0.581s] Level 1:colcon.colcon_core.package_identification:_identify(src/emergency_button) by extension 'colcon_pkg'
[0.582s] Level 1:colcon.colcon_core.package_identification:_identify(src/emergency_button) by extensions ['colcon_meta']
[0.582s] Level 1:colcon.colcon_core.package_identification:_identify(src/emergency_button) by extension 'colcon_meta'
[0.582s] Level 1:colcon.colcon_core.package_identification:_identify(src/emergency_button) by extensions ['ros']
[0.583s] Level 1:colcon.colcon_core.package_identification:_identify(src/emergency_button) by extension 'ros'
[0.586s] DEBUG:colcon.colcon_core.package_identification:Package 'src/emergency_button' with type 'ros.ament_python' and name 'emergency_button'
[0.588s] Level 1:colcon.colcon_core.package_identification:_identify(src/stack_light) by extensions ['ignore', 'ignore_ament_install']
[0.589s] Level 1:colcon.colcon_core.package_identification:_identify(src/stack_light) by extension 'ignore'
[0.589s] Level 1:colcon.colcon_core.package_identification:_identify(src/stack_light) by extension 'ignore_ament_install'
[0.590s] Level 1:colcon.colcon_core.package_identification:_identify(src/stack_light) by extensions ['colcon_pkg']
[0.591s] Level 1:colcon.colcon_core.package_identification:_identify(src/stack_light) by extension 'colcon_pkg'
[0.591s] Level 1:colcon.colcon_core.package_identification:_identify(src/stack_light) by extensions ['colcon_meta']
[0.592s] Level 1:colcon.colcon_core.package_identification:_identify(src/stack_light) by extension 'colcon_meta'
[0.592s] Level 1:colcon.colcon_core.package_identification:_identify(src/stack_light) by extensions ['ros']
[0.592s] Level 1:colcon.colcon_core.package_identification:_identify(src/stack_light) by extension 'ros'
[0.596s] DEBUG:colcon.colcon_core.package_identification:Package 'src/stack_light' with type 'ros.ament_python' and name 'stack_light'
[0.597s] Level 1:colcon.colcon_core.package_discovery:discover_packages(recursive) using defaults
[0.598s] Level 1:colcon.colcon_core.package_discovery:discover_packages(ignore) discover
[0.598s] Level 1:colcon.colcon_core.package_discovery:discover_packages(ignore) using defaults
[0.598s] Level 1:colcon.colcon_core.package_discovery:discover_packages(path) discover
[0.598s] Level 1:colcon.colcon_core.package_discovery:discover_packages(path) using defaults
[0.639s] Level 5:colcon.colcon_core.verb:set package 'barcode_scanner' build argument 'cmake_args' from command line to 'None'
[0.639s] Level 5:colcon.colcon_core.verb:set package 'barcode_scanner' build argument 'cmake_target' from command line to 'None'
[0.640s] Level 5:colcon.colcon_core.verb:set package 'barcode_scanner' build argument 'cmake_target_skip_unavailable' from command line to 'False'
[0.640s] Level 5:colcon.colcon_core.verb:set package 'barcode_scanner' build argument 'cmake_clean_cache' from command line to 'False'
[0.640s] Level 5:colcon.colcon_core.verb:set package 'barcode_scanner' build argument 'cmake_clean_first' from command line to 'False'
[0.641s] Level 5:colcon.colcon_core.verb:set package 'barcode_scanner' build argument 'cmake_force_configure' from command line to 'False'
[0.641s] Level 5:colcon.colcon_core.verb:set package 'barcode_scanner' build argument 'ament_cmake_args' from command line to 'None'
[0.641s] Level 5:colcon.colcon_core.verb:set package 'barcode_scanner' build argument 'catkin_cmake_args' from command line to 'None'
[0.641s] Level 5:colcon.colcon_core.verb:set package 'barcode_scanner' build argument 'catkin_skip_building_tests' from command line to 'False'
[0.642s] DEBUG:colcon.colcon_core.verb:Building package 'barcode_scanner' with the following arguments: {'ament_cmake_args': None, 'build_base': '/ros2_ws/build/barcode_scanner', 'catkin_cmake_args': None, 'catkin_skip_building_tests': False, 'cmake_args': None, 'cmake_clean_cache': False, 'cmake_clean_first': False, 'cmake_force_configure': False, 'cmake_target': None, 'cmake_target_skip_unavailable': False, 'install_base': '/ros2_ws/install/barcode_scanner', 'merge_install': False, 'path': '/ros2_ws/src/barcode_scanner', 'symlink_install': False, 'test_result_base': None}
[0.643s] Level 5:colcon.colcon_core.verb:set package 'door_handle' build argument 'cmake_args' from command line to 'None'
[0.643s] Level 5:colcon.colcon_core.verb:set package 'door_handle' build argument 'cmake_target' from command line to 'None'
[0.643s] Level 5:colcon.colcon_core.verb:set package 'door_handle' build argument 'cmake_target_skip_unavailable' from command line to 'False'
[0.644s] Level 5:colcon.colcon_core.verb:set package 'door_handle' build argument 'cmake_clean_cache' from command line to 'False'
[0.644s] Level 5:colcon.colcon_core.verb:set package 'door_handle' build argument 'cmake_clean_first' from command line to 'False'
[0.644s] Level 5:colcon.colcon_core.verb:set package 'door_handle' build argument 'cmake_force_configure' from command line to 'False'
[0.645s] Level 5:colcon.colcon_core.verb:set package 'door_handle' build argument 'ament_cmake_args' from command line to 'None'
[0.646s] Level 5:colcon.colcon_core.verb:set package 'door_handle' build argument 'catkin_cmake_args' from command line to 'None'
[0.646s] Level 5:colcon.colcon_core.verb:set package 'door_handle' build argument 'catkin_skip_building_tests' from command line to 'False'
[0.646s] DEBUG:colcon.colcon_core.verb:Building package 'door_handle' with the following arguments: {'ament_cmake_args': None, 'build_base': '/ros2_ws/build/door_handle', 'catkin_cmake_args': None, 'catkin_skip_building_tests': False, 'cmake_args': None, 'cmake_clean_cache': False, 'cmake_clean_first': False, 'cmake_force_configure': False, 'cmake_target': None, 'cmake_target_skip_unavailable': False, 'install_base': '/ros2_ws/install/door_handle', 'merge_install': False, 'path': '/ros2_ws/src/door_handle', 'symlink_install': False, 'test_result_base': None}
[0.648s] Level 5:colcon.colcon_core.verb:set package 'emergency_button' build argument 'cmake_args' from command line to 'None'
[0.648s] Level 5:colcon.colcon_core.verb:set package 'emergency_button' build argument 'cmake_target' from command line to 'None'
[0.648s] Level 5:colcon.colcon_core.verb:set package 'emergency_button' build argument 'cmake_target_skip_unavailable' from command line to 'False'
[0.648s] Level 5:colcon.colcon_core.verb:set package 'emergency_button' build argument 'cmake_clean_cache' from command line to 'False'
[0.649s] Level 5:colcon.colcon_core.verb:set package 'emergency_button' build argument 'cmake_clean_first' from command line to 'False'
[0.649s] Level 5:colcon.colcon_core.verb:set package 'emergency_button' build argument 'cmake_force_configure' from command line to 'False'
[0.649s] Level 5:colcon.colcon_core.verb:set package 'emergency_button' build argument 'ament_cmake_args' from command line to 'None'
[0.650s] Level 5:colcon.colcon_core.verb:set package 'emergency_button' build argument 'catkin_cmake_args' from command line to 'None'
[0.650s] Level 5:colcon.colcon_core.verb:set package 'emergency_button' build argument 'catkin_skip_building_tests' from command line to 'False'
[0.650s] DEBUG:colcon.colcon_core.verb:Building package 'emergency_button' with the following arguments: {'ament_cmake_args': None, 'build_base': '/ros2_ws/build/emergency_button', 'catkin_cmake_args': None, 'catkin_skip_building_tests': False, 'cmake_args': None, 'cmake_clean_cache': False, 'cmake_clean_first': False, 'cmake_force_configure': False, 'cmake_target': None, 'cmake_target_skip_unavailable': False, 'install_base': '/ros2_ws/install/emergency_button', 'merge_install': False, 'path': '/ros2_ws/src/emergency_button', 'symlink_install': False, 'test_result_base': None}
[0.652s] Level 5:colcon.colcon_core.verb:set package 'stack_light' build argument 'cmake_args' from command line to 'None'
[0.652s] Level 5:colcon.colcon_core.verb:set package 'stack_light' build argument 'cmake_target' from command line to 'None'
[0.652s] Level 5:colcon.colcon_core.verb:set package 'stack_light' build argument 'cmake_target_skip_unavailable' from command line to 'False'
[0.652s] Level 5:colcon.colcon_core.verb:set package 'stack_light' build argument 'cmake_clean_cache' from command line to 'False'
[0.653s] Level 5:colcon.colcon_core.verb:set package 'stack_light' build argument 'cmake_clean_first' from command line to 'False'
[0.653s] Level 5:colcon.colcon_core.verb:set package 'stack_light' build argument 'cmake_force_configure' from command line to 'False'
[0.653s] Level 5:colcon.colcon_core.verb:set package 'stack_light' build argument 'ament_cmake_args' from command line to 'None'
[0.654s] Level 5:colcon.colcon_core.verb:set package 'stack_light' build argument 'catkin_cmake_args' from command line to 'None'
[0.654s] Level 5:colcon.colcon_core.verb:set package 'stack_light' build argument 'catkin_skip_building_tests' from command line to 'False'
[0.654s] DEBUG:colcon.colcon_core.verb:Building package 'stack_light' with the following arguments: {'ament_cmake_args': None, 'build_base': '/ros2_ws/build/stack_light', 'catkin_cmake_args': None, 'catkin_skip_building_tests': False, 'cmake_args': None, 'cmake_clean_cache': False, 'cmake_clean_first': False, 'cmake_force_configure': False, 'cmake_target': None, 'cmake_target_skip_unavailable': False, 'install_base': '/ros2_ws/install/stack_light', 'merge_install': False, 'path': '/ros2_ws/src/stack_light', 'symlink_install': False, 'test_result_base': None}
[0.655s] INFO:colcon.colcon_core.executor:Executing jobs using 'parallel' executor
[0.657s] DEBUG:colcon.colcon_parallel_executor.executor.parallel:run_until_complete
[0.658s] INFO:colcon.colcon_ros.task.ament_python.build:Building ROS package in '/ros2_ws/src/barcode_scanner' with build type 'ament_python'
[0.658s] Level 1:colcon.colcon_core.shell:create_environment_hook('barcode_scanner', 'ament_prefix_path')
[0.665s] INFO:colcon.colcon_core.plugin_system:Skipping extension 'colcon_core.shell.bat': Not used on non-Windows systems
[0.667s] INFO:colcon.colcon_core.shell:Creating environment hook '/ros2_ws/install/barcode_scanner/share/barcode_scanner/hook/ament_prefix_path.ps1'
[0.673s] INFO:colcon.colcon_core.shell:Creating environment descriptor '/ros2_ws/install/barcode_scanner/share/barcode_scanner/hook/ament_prefix_path.dsv'
[0.677s] INFO:colcon.colcon_core.shell:Creating environment hook '/ros2_ws/install/barcode_scanner/share/barcode_scanner/hook/ament_prefix_path.sh'
[0.680s] INFO:colcon.colcon_core.shell:Skip shell extension 'powershell' for command environment: Not usable outside of PowerShell
[0.681s] DEBUG:colcon.colcon_core.shell:Skip shell extension 'dsv' for command environment
[0.703s] INFO:colcon.colcon_ros.task.ament_python.build:Building ROS package in '/ros2_ws/src/door_handle' with build type 'ament_python'
[0.703s] Level 1:colcon.colcon_core.shell:create_environment_hook('door_handle', 'ament_prefix_path')
[0.704s] INFO:colcon.colcon_core.shell:Creating environment hook '/ros2_ws/install/door_handle/share/door_handle/hook/ament_prefix_path.ps1'
[0.709s] INFO:colcon.colcon_core.shell:Creating environment descriptor '/ros2_ws/install/door_handle/share/door_handle/hook/ament_prefix_path.dsv'
[0.714s] INFO:colcon.colcon_core.shell:Creating environment hook '/ros2_ws/install/door_handle/share/door_handle/hook/ament_prefix_path.sh'
[0.721s] INFO:colcon.colcon_core.shell:Skip shell extension 'powershell' for command environment: Not usable outside of PowerShell
[0.721s] DEBUG:colcon.colcon_core.shell:Skip shell extension 'dsv' for command environment
[0.742s] INFO:colcon.colcon_ros.task.ament_python.build:Building ROS package in '/ros2_ws/src/emergency_button' with build type 'ament_python'
[0.742s] Level 1:colcon.colcon_core.shell:create_environment_hook('emergency_button', 'ament_prefix_path')
[0.744s] INFO:colcon.colcon_core.shell:Creating environment hook '/ros2_ws/install/emergency_button/share/emergency_button/hook/ament_prefix_path.ps1'
[0.751s] INFO:colcon.colcon_core.shell:Creating environment descriptor '/ros2_ws/install/emergency_button/share/emergency_button/hook/ament_prefix_path.dsv'
[0.756s] INFO:colcon.colcon_core.shell:Creating environment hook '/ros2_ws/install/emergency_button/share/emergency_button/hook/ament_prefix_path.sh'
[0.762s] INFO:colcon.colcon_core.shell:Skip shell extension 'powershell' for command environment: Not usable outside of PowerShell
[0.763s] DEBUG:colcon.colcon_core.shell:Skip shell extension 'dsv' for command environment
[0.783s] INFO:colcon.colcon_ros.task.ament_python.build:Building ROS package in '/ros2_ws/src/stack_light' with build type 'ament_python'
[0.784s] Level 1:colcon.colcon_core.shell:create_environment_hook('stack_light', 'ament_prefix_path')
[0.785s] INFO:colcon.colcon_core.shell:Creating environment hook '/ros2_ws/install/stack_light/share/stack_light/hook/ament_prefix_path.ps1'
[0.788s] INFO:colcon.colcon_core.shell:Creating environment descriptor '/ros2_ws/install/stack_light/share/stack_light/hook/ament_prefix_path.dsv'
[0.791s] INFO:colcon.colcon_core.shell:Creating environment hook '/ros2_ws/install/stack_light/share/stack_light/hook/ament_prefix_path.sh'
[0.797s] INFO:colcon.colcon_core.shell:Skip shell extension 'powershell' for command environment: Not usable outside of PowerShell
[0.797s] DEBUG:colcon.colcon_core.shell:Skip shell extension 'dsv' for command environment
[1.338s] INFO:colcon.colcon_core.task.python.build:Building Python package in '/ros2_ws/src/barcode_scanner'
[1.339s] INFO:colcon.colcon_core.shell:Skip shell extension 'powershell' for command environment: Not usable outside of PowerShell
[1.339s] DEBUG:colcon.colcon_core.shell:Skip shell extension 'dsv' for command environment
[1.778s] INFO:colcon.colcon_core.task.python.build:Building Python package in '/ros2_ws/src/door_handle'
[1.778s] INFO:colcon.colcon_core.shell:Skip shell extension 'powershell' for command environment: Not usable outside of PowerShell
[1.779s] DEBUG:colcon.colcon_core.shell:Skip shell extension 'dsv' for command environment
[2.206s] INFO:colcon.colcon_core.task.python.build:Building Python package in '/ros2_ws/src/emergency_button'
[2.207s] INFO:colcon.colcon_core.shell:Skip shell extension 'powershell' for command environment: Not usable outside of PowerShell
[2.207s] DEBUG:colcon.colcon_core.shell:Skip shell extension 'dsv' for command environment
[2.793s] INFO:colcon.colcon_core.task.python.build:Building Python package in '/ros2_ws/src/stack_light'
[2.795s] INFO:colcon.colcon_core.shell:Skip shell extension 'powershell' for command environment: Not usable outside of PowerShell
[2.795s] DEBUG:colcon.colcon_core.shell:Skip shell extension 'dsv' for command environment
[3.869s] DEBUG:colcon.colcon_core.event_handler.log_command:Invoking command in '/ros2_ws/src/emergency_button': PYTHONPATH=/ros2_ws/build/emergency_button/prefix_override:/usr/lib/python3/dist-packages/colcon_core/task/python/colcon_distutils_commands:/ros2_ws/install/emergency_button/lib/python3.10/site-packages:${PYTHONPATH} /usr/bin/python3 -W ignore:setup.py install is deprecated -W ignore:easy_install command is deprecated setup.py egg_info --egg-base ../../build/emergency_button build --build-base /ros2_ws/build/emergency_button/build install --record /ros2_ws/build/emergency_button/install.log --single-version-externally-managed install_data
[3.959s] DEBUG:colcon.colcon_core.event_handler.log_command:Invoking command in '/ros2_ws/src/door_handle': PYTHONPATH=/ros2_ws/build/door_handle/prefix_override:/usr/lib/python3/dist-packages/colcon_core/task/python/colcon_distutils_commands:/ros2_ws/install/door_handle/lib/python3.10/site-packages:${PYTHONPATH} /usr/bin/python3 -W ignore:setup.py install is deprecated -W ignore:easy_install command is deprecated setup.py egg_info --egg-base ../../build/door_handle build --build-base /ros2_ws/build/door_handle/build install --record /ros2_ws/build/door_handle/install.log --single-version-externally-managed install_data
[4.003s] DEBUG:colcon.colcon_core.event_handler.log_command:Invoking command in '/ros2_ws/src/barcode_scanner': PYTHONPATH=/ros2_ws/build/barcode_scanner/prefix_override:/usr/lib/python3/dist-packages/colcon_core/task/python/colcon_distutils_commands:/ros2_ws/install/barcode_scanner/lib/python3.10/site-packages:${PYTHONPATH} /usr/bin/python3 -W ignore:setup.py install is deprecated -W ignore:easy_install command is deprecated setup.py egg_info --egg-base ../../build/barcode_scanner build --build-base /ros2_ws/build/barcode_scanner/build install --record /ros2_ws/build/barcode_scanner/install.log --single-version-externally-managed install_data
[4.091s] DEBUG:colcon.colcon_core.event_handler.log_command:Invoking command in '/ros2_ws/src/stack_light': PYTHONPATH=/ros2_ws/build/stack_light/prefix_override:/usr/lib/python3/dist-packages/colcon_core/task/python/colcon_distutils_commands:/ros2_ws/install/stack_light/lib/python3.10/site-packages:${PYTHONPATH} /usr/bin/python3 -W ignore:setup.py install is deprecated -W ignore:easy_install command is deprecated setup.py egg_info --egg-base ../../build/stack_light build --build-base /ros2_ws/build/stack_light/build install --record /ros2_ws/build/stack_light/install.log --single-version-externally-managed install_data
[5.081s] DEBUG:colcon.colcon_core.event_handler.log_command:Invoked command in '/ros2_ws/src/emergency_button' returned '0': PYTHONPATH=/ros2_ws/build/emergency_button/prefix_override:/usr/lib/python3/dist-packages/colcon_core/task/python/colcon_distutils_commands:/ros2_ws/install/emergency_button/lib/python3.10/site-packages:${PYTHONPATH} /usr/bin/python3 -W ignore:setup.py install is deprecated -W ignore:easy_install command is deprecated setup.py egg_info --egg-base ../../build/emergency_button build --build-base /ros2_ws/build/emergency_button/build install --record /ros2_ws/build/emergency_button/install.log --single-version-externally-managed install_data
[5.093s] Level 1:colcon.colcon_core.environment:checking '/ros2_ws/install/emergency_button' for CMake module files
[5.118s] Level 1:colcon.colcon_core.environment:checking '/ros2_ws/install/emergency_button' for CMake config files
[5.168s] Level 1:colcon.colcon_core.environment:checking '/ros2_ws/install/emergency_button/lib'
[5.172s] Level 1:colcon.colcon_core.environment:checking '/ros2_ws/install/emergency_button/bin'
[5.173s] Level 1:colcon.colcon_core.environment:checking '/ros2_ws/install/emergency_button/lib/pkgconfig/emergency_button.pc'
[5.176s] Level 1:colcon.colcon_core.environment:checking '/ros2_ws/install/emergency_button/lib/python3.10/site-packages'
[5.177s] Level 1:colcon.colcon_core.shell:create_environment_hook('emergency_button', 'pythonpath')
[5.178s] INFO:colcon.colcon_core.shell:Creating environment hook '/ros2_ws/install/emergency_button/share/emergency_button/hook/pythonpath.ps1'
[5.183s] INFO:colcon.colcon_core.shell:Creating environment descriptor '/ros2_ws/install/emergency_button/share/emergency_button/hook/pythonpath.dsv'
[5.187s] INFO:colcon.colcon_core.shell:Creating environment hook '/ros2_ws/install/emergency_button/share/emergency_button/hook/pythonpath.sh'
[5.193s] Level 1:colcon.colcon_core.environment:checking '/ros2_ws/install/emergency_button/bin'
[5.195s] Level 1:colcon.colcon_core.environment:create_environment_scripts_only(emergency_button)
[5.197s] INFO:colcon.colcon_core.shell:Creating package script '/ros2_ws/install/emergency_button/share/emergency_button/package.ps1'
[5.204s] INFO:colcon.colcon_core.shell:Creating package descriptor '/ros2_ws/install/emergency_button/share/emergency_button/package.dsv'
[5.208s] INFO:colcon.colcon_core.shell:Creating package script '/ros2_ws/install/emergency_button/share/emergency_button/package.sh'
[5.212s] INFO:colcon.colcon_core.shell:Creating package script '/ros2_ws/install/emergency_button/share/emergency_button/package.bash'
[5.219s] INFO:colcon.colcon_core.shell:Creating package script '/ros2_ws/install/emergency_button/share/emergency_button/package.zsh'
[5.223s] Level 1:colcon.colcon_core.environment:create_file_with_runtime_dependencies(/ros2_ws/install/emergency_button/share/colcon-core/packages/emergency_button)
[5.263s] Level 1:colcon.colcon_core.environment:checking '/ros2_ws/install/door_handle' for CMake module files
[5.266s] DEBUG:colcon.colcon_core.event_handler.log_command:Invoked command in '/ros2_ws/src/door_handle' returned '0': PYTHONPATH=/ros2_ws/build/door_handle/prefix_override:/usr/lib/python3/dist-packages/colcon_core/task/python/colcon_distutils_commands:/ros2_ws/install/door_handle/lib/python3.10/site-packages:${PYTHONPATH} /usr/bin/python3 -W ignore:setup.py install is deprecated -W ignore:easy_install command is deprecated setup.py egg_info --egg-base ../../build/door_handle build --build-base /ros2_ws/build/door_handle/build install --record /ros2_ws/build/door_handle/install.log --single-version-externally-managed install_data
[5.274s] Level 1:colcon.colcon_core.environment:checking '/ros2_ws/install/door_handle' for CMake config files
[5.295s] Level 1:colcon.colcon_core.environment:checking '/ros2_ws/install/door_handle/lib'
[5.296s] Level 1:colcon.colcon_core.environment:checking '/ros2_ws/install/door_handle/bin'
[5.297s] Level 1:colcon.colcon_core.environment:checking '/ros2_ws/install/door_handle/lib/pkgconfig/door_handle.pc'
[5.298s] Level 1:colcon.colcon_core.environment:checking '/ros2_ws/install/door_handle/lib/python3.10/site-packages'
[5.299s] Level 1:colcon.colcon_core.shell:create_environment_hook('door_handle', 'pythonpath')
[5.300s] INFO:colcon.colcon_core.shell:Creating environment hook '/ros2_ws/install/door_handle/share/door_handle/hook/pythonpath.ps1'
[5.302s] INFO:colcon.colcon_core.shell:Creating environment descriptor '/ros2_ws/install/door_handle/share/door_handle/hook/pythonpath.dsv'
[5.304s] INFO:colcon.colcon_core.shell:Creating environment hook '/ros2_ws/install/door_handle/share/door_handle/hook/pythonpath.sh'
[5.309s] Level 1:colcon.colcon_core.environment:checking '/ros2_ws/install/door_handle/bin'
[5.311s] Level 1:colcon.colcon_core.environment:create_environment_scripts_only(door_handle)
[5.312s] INFO:colcon.colcon_core.shell:Creating package script '/ros2_ws/install/door_handle/share/door_handle/package.ps1'
[5.316s] INFO:colcon.colcon_core.shell:Creating package descriptor '/ros2_ws/install/door_handle/share/door_handle/package.dsv'
[5.319s] INFO:colcon.colcon_core.shell:Creating package script '/ros2_ws/install/door_handle/share/door_handle/package.sh'
[5.323s] INFO:colcon.colcon_core.shell:Creating package script '/ros2_ws/install/door_handle/share/door_handle/package.bash'
[5.326s] INFO:colcon.colcon_core.shell:Creating package script '/ros2_ws/install/door_handle/share/door_handle/package.zsh'
[5.329s] Level 1:colcon.colcon_core.environment:create_file_with_runtime_dependencies(/ros2_ws/install/door_handle/share/colcon-core/packages/door_handle)
[5.337s] Level 1:colcon.colcon_core.environment:checking '/ros2_ws/install/barcode_scanner' for CMake module files
[5.349s] DEBUG:colcon.colcon_core.event_handler.log_command:Invoked command in '/ros2_ws/src/barcode_scanner' returned '0': PYTHONPATH=/ros2_ws/build/barcode_scanner/prefix_override:/usr/lib/python3/dist-packages/colcon_core/task/python/colcon_distutils_commands:/ros2_ws/install/barcode_scanner/lib/python3.10/site-packages:${PYTHONPATH} /usr/bin/python3 -W ignore:setup.py install is deprecated -W ignore:easy_install command is deprecated setup.py egg_info --egg-base ../../build/barcode_scanner build --build-base /ros2_ws/build/barcode_scanner/build install --record /ros2_ws/build/barcode_scanner/install.log --single-version-externally-managed install_data
[5.364s] Level 1:colcon.colcon_core.environment:checking '/ros2_ws/install/barcode_scanner' for CMake config files
[5.390s] Level 1:colcon.colcon_core.environment:checking '/ros2_ws/install/barcode_scanner/lib'
[5.392s] Level 1:colcon.colcon_core.environment:checking '/ros2_ws/install/barcode_scanner/bin'
[5.393s] Level 1:colcon.colcon_core.environment:checking '/ros2_ws/install/barcode_scanner/lib/pkgconfig/barcode_scanner.pc'
[5.394s] Level 1:colcon.colcon_core.environment:checking '/ros2_ws/install/barcode_scanner/lib/python3.10/site-packages'
[5.395s] Level 1:colcon.colcon_core.shell:create_environment_hook('barcode_scanner', 'pythonpath')
[5.396s] INFO:colcon.colcon_core.shell:Creating environment hook '/ros2_ws/install/barcode_scanner/share/barcode_scanner/hook/pythonpath.ps1'
[5.399s] INFO:colcon.colcon_core.shell:Creating environment descriptor '/ros2_ws/install/barcode_scanner/share/barcode_scanner/hook/pythonpath.dsv'
[5.401s] INFO:colcon.colcon_core.shell:Creating environment hook '/ros2_ws/install/barcode_scanner/share/barcode_scanner/hook/pythonpath.sh'
[5.404s] Level 1:colcon.colcon_core.environment:checking '/ros2_ws/install/barcode_scanner/bin'
[5.405s] Level 1:colcon.colcon_core.environment:create_environment_scripts_only(barcode_scanner)
[5.405s] INFO:colcon.colcon_core.shell:Creating package script '/ros2_ws/install/barcode_scanner/share/barcode_scanner/package.ps1'
[5.408s] INFO:colcon.colcon_core.shell:Creating package descriptor '/ros2_ws/install/barcode_scanner/share/barcode_scanner/package.dsv'
[5.412s] INFO:colcon.colcon_core.shell:Creating package script '/ros2_ws/install/barcode_scanner/share/barcode_scanner/package.sh'
[5.414s] INFO:colcon.colcon_core.shell:Creating package script '/ros2_ws/install/barcode_scanner/share/barcode_scanner/package.bash'
[5.417s] INFO:colcon.colcon_core.shell:Creating package script '/ros2_ws/install/barcode_scanner/share/barcode_scanner/package.zsh'
[5.421s] Level 1:colcon.colcon_core.environment:create_file_with_runtime_dependencies(/ros2_ws/install/barcode_scanner/share/colcon-core/packages/barcode_scanner)
[5.427s] Level 1:colcon.colcon_core.environment:checking '/ros2_ws/install/stack_light' for CMake module files
[5.443s] DEBUG:colcon.colcon_core.event_handler.log_command:Invoked command in '/ros2_ws/src/stack_light' returned '0': PYTHONPATH=/ros2_ws/build/stack_light/prefix_override:/usr/lib/python3/dist-packages/colcon_core/task/python/colcon_distutils_commands:/ros2_ws/install/stack_light/lib/python3.10/site-packages:${PYTHONPATH} /usr/bin/python3 -W ignore:setup.py install is deprecated -W ignore:easy_install command is deprecated setup.py egg_info --egg-base ../../build/stack_light build --build-base /ros2_ws/build/stack_light/build install --record /ros2_ws/build/stack_light/install.log --single-version-externally-managed install_data
[5.446s] Level 1:colcon.colcon_core.environment:checking '/ros2_ws/install/stack_light' for CMake config files
[5.466s] Level 1:colcon.colcon_core.environment:checking '/ros2_ws/install/stack_light/lib'
[5.467s] Level 1:colcon.colcon_core.environment:checking '/ros2_ws/install/stack_light/bin'
[5.467s] Level 1:colcon.colcon_core.environment:checking '/ros2_ws/install/stack_light/lib/pkgconfig/stack_light.pc'
[5.468s] Level 1:colcon.colcon_core.environment:checking '/ros2_ws/install/stack_light/lib/python3.10/site-packages'
[5.469s] Level 1:colcon.colcon_core.shell:create_environment_hook('stack_light', 'pythonpath')
[5.469s] INFO:colcon.colcon_core.shell:Creating environment hook '/ros2_ws/install/stack_light/share/stack_light/hook/pythonpath.ps1'
[5.473s] INFO:colcon.colcon_core.shell:Creating environment descriptor '/ros2_ws/install/stack_light/share/stack_light/hook/pythonpath.dsv'
[5.476s] INFO:colcon.colcon_core.shell:Creating environment hook '/ros2_ws/install/stack_light/share/stack_light/hook/pythonpath.sh'
[5.480s] Level 1:colcon.colcon_core.environment:checking '/ros2_ws/install/stack_light/bin'
[5.480s] Level 1:colcon.colcon_core.environment:create_environment_scripts_only(stack_light)
[5.481s] INFO:colcon.colcon_core.shell:Creating package script '/ros2_ws/install/stack_light/share/stack_light/package.ps1'
[5.486s] INFO:colcon.colcon_core.shell:Creating package descriptor '/ros2_ws/install/stack_light/share/stack_light/package.dsv'
[5.489s] INFO:colcon.colcon_core.shell:Creating package script '/ros2_ws/install/stack_light/share/stack_light/package.sh'
[5.491s] INFO:colcon.colcon_core.shell:Creating package script '/ros2_ws/install/stack_light/share/stack_light/package.bash'
[5.494s] INFO:colcon.colcon_core.shell:Creating package script '/ros2_ws/install/stack_light/share/stack_light/package.zsh'
[5.498s] Level 1:colcon.colcon_core.environment:create_file_with_runtime_dependencies(/ros2_ws/install/stack_light/share/colcon-core/packages/stack_light)
[5.500s] DEBUG:colcon.colcon_parallel_executor.executor.parallel:closing loop
[5.501s] DEBUG:colcon.colcon_parallel_executor.executor.parallel:loop closed
[5.501s] DEBUG:colcon.colcon_parallel_executor.executor.parallel:run_until_complete finished with '0'
[5.502s] DEBUG:colcon.colcon_core.event_reactor:joining thread
[5.520s] INFO:colcon.colcon_core.plugin_system:Skipping extension 'colcon_notification.desktop_notification.notify_send': Could not find 'notify-send'
[5.521s] INFO:colcon.colcon_core.plugin_system:Skipping extension 'colcon_notification.desktop_notification.terminal_notifier': Not used on non-Darwin systems
[5.521s] INFO:colcon.colcon_core.plugin_system:Skipping extension 'colcon_notification.desktop_notification.win32': Not used on non-Windows systems
[5.521s] INFO:colcon.colcon_notification.desktop_notification:Sending desktop notification using 'notify2'
[5.522s] DEBUG:colcon.colcon_notification.desktop_notification.notify2:Failed to initialize notify2: org.freedesktop.DBus.Error.NotSupported: Unable to autolaunch a dbus-daemon without a $DISPLAY for X11
[5.522s] DEBUG:colcon.colcon_core.event_reactor:joined thread
[5.523s] INFO:colcon.colcon_core.shell:Creating prefix script '/ros2_ws/install/local_setup.ps1'
[5.528s] INFO:colcon.colcon_core.shell:Creating prefix util module '/ros2_ws/install/_local_setup_util_ps1.py'
[5.532s] INFO:colcon.colcon_core.shell:Creating prefix chain script '/ros2_ws/install/setup.ps1'
[5.545s] INFO:colcon.colcon_core.shell:Creating prefix script '/ros2_ws/install/local_setup.sh'
[5.548s] INFO:colcon.colcon_core.shell:Creating prefix util module '/ros2_ws/install/_local_setup_util_sh.py'
[5.551s] INFO:colcon.colcon_core.shell:Creating prefix chain script '/ros2_ws/install/setup.sh'
[5.563s] INFO:colcon.colcon_core.shell:Creating prefix script '/ros2_ws/install/local_setup.bash'
[5.566s] INFO:colcon.colcon_core.shell:Creating prefix chain script '/ros2_ws/install/setup.bash'
[5.580s] INFO:colcon.colcon_core.shell:Creating prefix script '/ros2_ws/install/local_setup.zsh'
[5.583s] INFO:colcon.colcon_core.shell:Creating prefix chain script '/ros2_ws/install/setup.zsh'
