[0.544s] DEBUG:colcon:Command line arguments: ['/usr/bin/colcon', 'build']
[0.544s] DEBUG:colcon:Parsed command line arguments: Namespace(log_base=None, log_level=None, verb_name='build', build_base='build', install_base='install', merge_install=False, symlink_install=False, test_result_base=None, continue_on_error=False, executor='parallel', parallel_workers=4, event_handlers=None, ignore_user_meta=False, metas=['./colcon.meta'], base_paths=['.'], packages_ignore=None, packages_ignore_regex=None, paths=None, packages_up_to=None, packages_up_to_regex=None, packages_above=None, packages_above_and_dependencies=None, packages_above_depth=None, packages_select_by_dep=None, packages_skip_by_dep=None, packages_skip_up_to=None, packages_select_build_failed=False, packages_skip_build_finished=False, packages_select_test_failures=False, packages_skip_test_passed=False, packages_select=None, packages_skip=None, packages_select_regex=None, packages_skip_regex=None, packages_start=None, packages_end=None, cmake_args=None, cmake_target=None, cmake_target_skip_unavailable=False, cmake_clean_cache=False, cmake_clean_first=False, cmake_force_configure=False, ament_cmake_args=None, catkin_cmake_args=None, catkin_skip_building_tests=False, mixin_files=None, mixin=None, verb_parser=<colcon_mixin.mixin.mixin_argument.MixinArgumentDecorator object at 0x7fead13d2a40>, verb_extension=<colcon_core.verb.build.BuildVerb object at 0x7fead151f940>, main=<bound method BuildVerb.main of <colcon_core.verb.build.BuildVerb object at 0x7fead151f940>>, mixin_verb=('build',))
[1.371s] Level 1:colcon.colcon_core.package_discovery:discover_packages(colcon_meta) check parameters
[1.375s] INFO:colcon.colcon_metadata.package_discovery.colcon_meta:Using configuration from '/root/.colcon/metadata/default/Gazebo.meta'
[1.387s] INFO:colcon.colcon_metadata.package_discovery.colcon_meta:Using configuration from '/root/.colcon/metadata/default/fastrtps.meta'
[1.389s] Level 1:colcon.colcon_core.package_discovery:discover_packages(recursive) check parameters
[1.390s] Level 1:colcon.colcon_core.package_discovery:discover_packages(ignore) check parameters
[1.390s] Level 1:colcon.colcon_core.package_discovery:discover_packages(path) check parameters
[1.391s] Level 1:colcon.colcon_core.package_discovery:discover_packages(colcon_meta) discover
[1.392s] Level 1:colcon.colcon_core.package_discovery:discover_packages(recursive) discover
[1.393s] INFO:colcon.colcon_core.package_discovery:Crawling recursively for packages in '/ros2_ws'
[1.398s] Level 1:colcon.colcon_core.package_identification:_identify(.) by extensions ['ignore', 'ignore_ament_install']
[1.398s] Level 1:colcon.colcon_core.package_identification:_identify(.) by extension 'ignore'
[1.399s] Level 1:colcon.colcon_core.package_identification:_identify(.) by extension 'ignore_ament_install'
[1.400s] Level 1:colcon.colcon_core.package_identification:_identify(.) by extensions ['colcon_pkg']
[1.401s] Level 1:colcon.colcon_core.package_identification:_identify(.) by extension 'colcon_pkg'
[1.402s] Level 1:colcon.colcon_core.package_identification:_identify(.) by extensions ['colcon_meta']
[1.402s] Level 1:colcon.colcon_core.package_identification:_identify(.) by extension 'colcon_meta'
[1.402s] Level 1:colcon.colcon_core.package_identification:_identify(.) by extensions ['ros']
[1.403s] Level 1:colcon.colcon_core.package_identification:_identify(.) by extension 'ros'
[1.442s] Level 1:colcon.colcon_core.package_identification:_identify(.) by extensions ['cmake', 'python']
[1.443s] Level 1:colcon.colcon_core.package_identification:_identify(.) by extension 'cmake'
[1.445s] Level 1:colcon.colcon_core.package_identification:_identify(.) by extension 'python'
[1.446s] Level 1:colcon.colcon_core.package_identification:_identify(.) by extensions ['python_setup_py']
[1.447s] Level 1:colcon.colcon_core.package_identification:_identify(.) by extension 'python_setup_py'
[1.451s] Level 1:colcon.colcon_core.package_identification:_identify(api) by extensions ['ignore', 'ignore_ament_install']
[1.452s] Level 1:colcon.colcon_core.package_identification:_identify(api) by extension 'ignore'
[1.453s] Level 1:colcon.colcon_core.package_identification:_identify(api) by extension 'ignore_ament_install'
[1.454s] Level 1:colcon.colcon_core.package_identification:_identify(api) by extensions ['colcon_pkg']
[1.456s] Level 1:colcon.colcon_core.package_identification:_identify(api) by extension 'colcon_pkg'
[1.458s] Level 1:colcon.colcon_core.package_identification:_identify(api) by extensions ['colcon_meta']
[1.458s] Level 1:colcon.colcon_core.package_identification:_identify(api) by extension 'colcon_meta'
[1.458s] Level 1:colcon.colcon_core.package_identification:_identify(api) by extensions ['ros']
[1.459s] Level 1:colcon.colcon_core.package_identification:_identify(api) by extension 'ros'
[1.462s] Level 1:colcon.colcon_core.package_identification:_identify(api) by extensions ['cmake', 'python']
[1.462s] Level 1:colcon.colcon_core.package_identification:_identify(api) by extension 'cmake'
[1.463s] Level 1:colcon.colcon_core.package_identification:_identify(api) by extension 'python'
[1.466s] Level 1:colcon.colcon_core.package_identification:_identify(api) by extensions ['python_setup_py']
[1.466s] Level 1:colcon.colcon_core.package_identification:_identify(api) by extension 'python_setup_py'
[1.470s] Level 1:colcon.colcon_core.package_identification:_identify(build) by extensions ['ignore', 'ignore_ament_install']
[1.470s] Level 1:colcon.colcon_core.package_identification:_identify(build) by extension 'ignore'
[1.471s] Level 1:colcon.colcon_core.package_identification:_identify(build) ignored
[1.548s] Level 1:colcon.colcon_core.package_identification:_identify(hmi) by extensions ['ignore', 'ignore_ament_install']
[1.550s] Level 1:colcon.colcon_core.package_identification:_identify(hmi) by extension 'ignore'
[1.552s] Level 1:colcon.colcon_core.package_identification:_identify(hmi) by extension 'ignore_ament_install'
[1.554s] Level 1:colcon.colcon_core.package_identification:_identify(hmi) by extensions ['colcon_pkg']
[1.555s] Level 1:colcon.colcon_core.package_identification:_identify(hmi) by extension 'colcon_pkg'
[1.557s] Level 1:colcon.colcon_core.package_identification:_identify(hmi) by extensions ['colcon_meta']
[1.558s] Level 1:colcon.colcon_core.package_identification:_identify(hmi) by extension 'colcon_meta'
[1.558s] Level 1:colcon.colcon_core.package_identification:_identify(hmi) by extensions ['ros']
[1.559s] Level 1:colcon.colcon_core.package_identification:_identify(hmi) by extension 'ros'
[1.563s] Level 1:colcon.colcon_core.package_identification:_identify(hmi) by extensions ['cmake', 'python']
[1.563s] Level 1:colcon.colcon_core.package_identification:_identify(hmi) by extension 'cmake'
[1.566s] Level 1:colcon.colcon_core.package_identification:_identify(hmi) by extension 'python'
[1.568s] Level 1:colcon.colcon_core.package_identification:_identify(hmi) by extensions ['python_setup_py']
[1.570s] Level 1:colcon.colcon_core.package_identification:_identify(hmi) by extension 'python_setup_py'
[1.574s] Level 1:colcon.colcon_core.package_identification:_identify(hmi/static) by extensions ['ignore', 'ignore_ament_install']
[1.575s] Level 1:colcon.colcon_core.package_identification:_identify(hmi/static) by extension 'ignore'
[1.575s] Level 1:colcon.colcon_core.package_identification:_identify(hmi/static) by extension 'ignore_ament_install'
[1.593s] Level 1:colcon.colcon_core.package_identification:_identify(hmi/static) by extensions ['colcon_pkg']
[1.593s] Level 1:colcon.colcon_core.package_identification:_identify(hmi/static) by extension 'colcon_pkg'
[1.594s] Level 1:colcon.colcon_core.package_identification:_identify(hmi/static) by extensions ['colcon_meta']
[1.595s] Level 1:colcon.colcon_core.package_identification:_identify(hmi/static) by extension 'colcon_meta'
[1.596s] Level 1:colcon.colcon_core.package_identification:_identify(hmi/static) by extensions ['ros']
[1.596s] Level 1:colcon.colcon_core.package_identification:_identify(hmi/static) by extension 'ros'
[1.597s] Level 1:colcon.colcon_core.package_identification:_identify(hmi/static) by extensions ['cmake', 'python']
[1.597s] Level 1:colcon.colcon_core.package_identification:_identify(hmi/static) by extension 'cmake'
[1.599s] Level 1:colcon.colcon_core.package_identification:_identify(hmi/static) by extension 'python'
[1.599s] Level 1:colcon.colcon_core.package_identification:_identify(hmi/static) by extensions ['python_setup_py']
[1.600s] Level 1:colcon.colcon_core.package_identification:_identify(hmi/static) by extension 'python_setup_py'
[1.611s] Level 1:colcon.colcon_core.package_identification:_identify(hmi/templates) by extensions ['ignore', 'ignore_ament_install']
[1.612s] Level 1:colcon.colcon_core.package_identification:_identify(hmi/templates) by extension 'ignore'
[1.614s] Level 1:colcon.colcon_core.package_identification:_identify(hmi/templates) by extension 'ignore_ament_install'
[1.615s] Level 1:colcon.colcon_core.package_identification:_identify(hmi/templates) by extensions ['colcon_pkg']
[1.615s] Level 1:colcon.colcon_core.package_identification:_identify(hmi/templates) by extension 'colcon_pkg'
[1.616s] Level 1:colcon.colcon_core.package_identification:_identify(hmi/templates) by extensions ['colcon_meta']
[1.616s] Level 1:colcon.colcon_core.package_identification:_identify(hmi/templates) by extension 'colcon_meta'
[1.619s] Level 1:colcon.colcon_core.package_identification:_identify(hmi/templates) by extensions ['ros']
[1.619s] Level 1:colcon.colcon_core.package_identification:_identify(hmi/templates) by extension 'ros'
[1.621s] Level 1:colcon.colcon_core.package_identification:_identify(hmi/templates) by extensions ['cmake', 'python']
[1.621s] Level 1:colcon.colcon_core.package_identification:_identify(hmi/templates) by extension 'cmake'
[1.622s] Level 1:colcon.colcon_core.package_identification:_identify(hmi/templates) by extension 'python'
[1.625s] Level 1:colcon.colcon_core.package_identification:_identify(hmi/templates) by extensions ['python_setup_py']
[1.625s] Level 1:colcon.colcon_core.package_identification:_identify(hmi/templates) by extension 'python_setup_py'
[1.628s] Level 1:colcon.colcon_core.package_identification:_identify(install) by extensions ['ignore', 'ignore_ament_install']
[1.629s] Level 1:colcon.colcon_core.package_identification:_identify(install) by extension 'ignore'
[1.630s] Level 1:colcon.colcon_core.package_identification:_identify(install) ignored
[1.632s] Level 1:colcon.colcon_core.package_identification:_identify(log) by extensions ['ignore', 'ignore_ament_install']
[1.633s] Level 1:colcon.colcon_core.package_identification:_identify(log) by extension 'ignore'
[1.634s] Level 1:colcon.colcon_core.package_identification:_identify(log) ignored
[1.638s] Level 1:colcon.colcon_core.package_identification:_identify(src) by extensions ['ignore', 'ignore_ament_install']
[1.638s] Level 1:colcon.colcon_core.package_identification:_identify(src) by extension 'ignore'
[1.639s] Level 1:colcon.colcon_core.package_identification:_identify(src) by extension 'ignore_ament_install'
[1.640s] Level 1:colcon.colcon_core.package_identification:_identify(src) by extensions ['colcon_pkg']
[1.640s] Level 1:colcon.colcon_core.package_identification:_identify(src) by extension 'colcon_pkg'
[1.641s] Level 1:colcon.colcon_core.package_identification:_identify(src) by extensions ['colcon_meta']
[1.641s] Level 1:colcon.colcon_core.package_identification:_identify(src) by extension 'colcon_meta'
[1.641s] Level 1:colcon.colcon_core.package_identification:_identify(src) by extensions ['ros']
[1.642s] Level 1:colcon.colcon_core.package_identification:_identify(src) by extension 'ros'
[1.646s] Level 1:colcon.colcon_core.package_identification:_identify(src) by extensions ['cmake', 'python']
[1.646s] Level 1:colcon.colcon_core.package_identification:_identify(src) by extension 'cmake'
[1.648s] Level 1:colcon.colcon_core.package_identification:_identify(src) by extension 'python'
[1.651s] Level 1:colcon.colcon_core.package_identification:_identify(src) by extensions ['python_setup_py']
[1.652s] Level 1:colcon.colcon_core.package_identification:_identify(src) by extension 'python_setup_py'
[1.655s] Level 1:colcon.colcon_core.package_identification:_identify(src/barcode_scanner) by extensions ['ignore', 'ignore_ament_install']
[1.656s] Level 1:colcon.colcon_core.package_identification:_identify(src/barcode_scanner) by extension 'ignore'
[1.656s] Level 1:colcon.colcon_core.package_identification:_identify(src/barcode_scanner) by extension 'ignore_ament_install'
[1.657s] Level 1:colcon.colcon_core.package_identification:_identify(src/barcode_scanner) by extensions ['colcon_pkg']
[1.657s] Level 1:colcon.colcon_core.package_identification:_identify(src/barcode_scanner) by extension 'colcon_pkg'
[1.658s] Level 1:colcon.colcon_core.package_identification:_identify(src/barcode_scanner) by extensions ['colcon_meta']
[1.658s] Level 1:colcon.colcon_core.package_identification:_identify(src/barcode_scanner) by extension 'colcon_meta'
[1.659s] Level 1:colcon.colcon_core.package_identification:_identify(src/barcode_scanner) by extensions ['ros']
[1.659s] Level 1:colcon.colcon_core.package_identification:_identify(src/barcode_scanner) by extension 'ros'
[1.681s] DEBUG:colcon.colcon_core.package_identification:Package 'src/barcode_scanner' with type 'ros.ament_python' and name 'barcode_scanner'
[1.684s] Level 1:colcon.colcon_core.package_identification:_identify(src/door_handle) by extensions ['ignore', 'ignore_ament_install']
[1.686s] Level 1:colcon.colcon_core.package_identification:_identify(src/door_handle) by extension 'ignore'
[1.689s] Level 1:colcon.colcon_core.package_identification:_identify(src/door_handle) by extension 'ignore_ament_install'
[1.692s] Level 1:colcon.colcon_core.package_identification:_identify(src/door_handle) by extensions ['colcon_pkg']
[1.692s] Level 1:colcon.colcon_core.package_identification:_identify(src/door_handle) by extension 'colcon_pkg'
[1.693s] Level 1:colcon.colcon_core.package_identification:_identify(src/door_handle) by extensions ['colcon_meta']
[1.696s] Level 1:colcon.colcon_core.package_identification:_identify(src/door_handle) by extension 'colcon_meta'
[1.697s] Level 1:colcon.colcon_core.package_identification:_identify(src/door_handle) by extensions ['ros']
[1.697s] Level 1:colcon.colcon_core.package_identification:_identify(src/door_handle) by extension 'ros'
[1.705s] DEBUG:colcon.colcon_core.package_identification:Package 'src/door_handle' with type 'ros.ament_python' and name 'door_handle'
[1.707s] Level 1:colcon.colcon_core.package_identification:_identify(src/emergency_button) by extensions ['ignore', 'ignore_ament_install']
[1.708s] Level 1:colcon.colcon_core.package_identification:_identify(src/emergency_button) by extension 'ignore'
[1.709s] Level 1:colcon.colcon_core.package_identification:_identify(src/emergency_button) by extension 'ignore_ament_install'
[1.712s] Level 1:colcon.colcon_core.package_identification:_identify(src/emergency_button) by extensions ['colcon_pkg']
[1.712s] Level 1:colcon.colcon_core.package_identification:_identify(src/emergency_button) by extension 'colcon_pkg'
[1.713s] Level 1:colcon.colcon_core.package_identification:_identify(src/emergency_button) by extensions ['colcon_meta']
[1.713s] Level 1:colcon.colcon_core.package_identification:_identify(src/emergency_button) by extension 'colcon_meta'
[1.713s] Level 1:colcon.colcon_core.package_identification:_identify(src/emergency_button) by extensions ['ros']
[1.714s] Level 1:colcon.colcon_core.package_identification:_identify(src/emergency_button) by extension 'ros'
[1.722s] DEBUG:colcon.colcon_core.package_identification:Package 'src/emergency_button' with type 'ros.ament_python' and name 'emergency_button'
[1.727s] Level 1:colcon.colcon_core.package_identification:_identify(src/stack_light) by extensions ['ignore', 'ignore_ament_install']
[1.729s] Level 1:colcon.colcon_core.package_identification:_identify(src/stack_light) by extension 'ignore'
[1.731s] Level 1:colcon.colcon_core.package_identification:_identify(src/stack_light) by extension 'ignore_ament_install'
[1.732s] Level 1:colcon.colcon_core.package_identification:_identify(src/stack_light) by extensions ['colcon_pkg']
[1.733s] Level 1:colcon.colcon_core.package_identification:_identify(src/stack_light) by extension 'colcon_pkg'
[1.734s] Level 1:colcon.colcon_core.package_identification:_identify(src/stack_light) by extensions ['colcon_meta']
[1.736s] Level 1:colcon.colcon_core.package_identification:_identify(src/stack_light) by extension 'colcon_meta'
[1.737s] Level 1:colcon.colcon_core.package_identification:_identify(src/stack_light) by extensions ['ros']
[1.737s] Level 1:colcon.colcon_core.package_identification:_identify(src/stack_light) by extension 'ros'
[1.744s] DEBUG:colcon.colcon_core.package_identification:Package 'src/stack_light' with type 'ros.ament_python' and name 'stack_light'
[1.745s] Level 1:colcon.colcon_core.package_discovery:discover_packages(recursive) using defaults
[1.745s] Level 1:colcon.colcon_core.package_discovery:discover_packages(ignore) discover
[1.746s] Level 1:colcon.colcon_core.package_discovery:discover_packages(ignore) using defaults
[1.746s] Level 1:colcon.colcon_core.package_discovery:discover_packages(path) discover
[1.747s] Level 1:colcon.colcon_core.package_discovery:discover_packages(path) using defaults
[1.824s] Level 5:colcon.colcon_core.verb:set package 'barcode_scanner' build argument 'cmake_args' from command line to 'None'
[1.824s] Level 5:colcon.colcon_core.verb:set package 'barcode_scanner' build argument 'cmake_target' from command line to 'None'
[1.824s] Level 5:colcon.colcon_core.verb:set package 'barcode_scanner' build argument 'cmake_target_skip_unavailable' from command line to 'False'
[1.825s] Level 5:colcon.colcon_core.verb:set package 'barcode_scanner' build argument 'cmake_clean_cache' from command line to 'False'
[1.825s] Level 5:colcon.colcon_core.verb:set package 'barcode_scanner' build argument 'cmake_clean_first' from command line to 'False'
[1.826s] Level 5:colcon.colcon_core.verb:set package 'barcode_scanner' build argument 'cmake_force_configure' from command line to 'False'
[1.826s] Level 5:colcon.colcon_core.verb:set package 'barcode_scanner' build argument 'ament_cmake_args' from command line to 'None'
[1.826s] Level 5:colcon.colcon_core.verb:set package 'barcode_scanner' build argument 'catkin_cmake_args' from command line to 'None'
[1.827s] Level 5:colcon.colcon_core.verb:set package 'barcode_scanner' build argument 'catkin_skip_building_tests' from command line to 'False'
[1.827s] DEBUG:colcon.colcon_core.verb:Building package 'barcode_scanner' with the following arguments: {'ament_cmake_args': None, 'build_base': '/ros2_ws/build/barcode_scanner', 'catkin_cmake_args': None, 'catkin_skip_building_tests': False, 'cmake_args': None, 'cmake_clean_cache': False, 'cmake_clean_first': False, 'cmake_force_configure': False, 'cmake_target': None, 'cmake_target_skip_unavailable': False, 'install_base': '/ros2_ws/install/barcode_scanner', 'merge_install': False, 'path': '/ros2_ws/src/barcode_scanner', 'symlink_install': False, 'test_result_base': None}
[1.829s] Level 5:colcon.colcon_core.verb:set package 'door_handle' build argument 'cmake_args' from command line to 'None'
[1.830s] Level 5:colcon.colcon_core.verb:set package 'door_handle' build argument 'cmake_target' from command line to 'None'
[1.830s] Level 5:colcon.colcon_core.verb:set package 'door_handle' build argument 'cmake_target_skip_unavailable' from command line to 'False'
[1.831s] Level 5:colcon.colcon_core.verb:set package 'door_handle' build argument 'cmake_clean_cache' from command line to 'False'
[1.831s] Level 5:colcon.colcon_core.verb:set package 'door_handle' build argument 'cmake_clean_first' from command line to 'False'
[1.832s] Level 5:colcon.colcon_core.verb:set package 'door_handle' build argument 'cmake_force_configure' from command line to 'False'
[1.832s] Level 5:colcon.colcon_core.verb:set package 'door_handle' build argument 'ament_cmake_args' from command line to 'None'
[1.832s] Level 5:colcon.colcon_core.verb:set package 'door_handle' build argument 'catkin_cmake_args' from command line to 'None'
[1.833s] Level 5:colcon.colcon_core.verb:set package 'door_handle' build argument 'catkin_skip_building_tests' from command line to 'False'
[1.834s] DEBUG:colcon.colcon_core.verb:Building package 'door_handle' with the following arguments: {'ament_cmake_args': None, 'build_base': '/ros2_ws/build/door_handle', 'catkin_cmake_args': None, 'catkin_skip_building_tests': False, 'cmake_args': None, 'cmake_clean_cache': False, 'cmake_clean_first': False, 'cmake_force_configure': False, 'cmake_target': None, 'cmake_target_skip_unavailable': False, 'install_base': '/ros2_ws/install/door_handle', 'merge_install': False, 'path': '/ros2_ws/src/door_handle', 'symlink_install': False, 'test_result_base': None}
[1.835s] Level 5:colcon.colcon_core.verb:set package 'emergency_button' build argument 'cmake_args' from command line to 'None'
[1.835s] Level 5:colcon.colcon_core.verb:set package 'emergency_button' build argument 'cmake_target' from command line to 'None'
[1.835s] Level 5:colcon.colcon_core.verb:set package 'emergency_button' build argument 'cmake_target_skip_unavailable' from command line to 'False'
[1.836s] Level 5:colcon.colcon_core.verb:set package 'emergency_button' build argument 'cmake_clean_cache' from command line to 'False'
[1.836s] Level 5:colcon.colcon_core.verb:set package 'emergency_button' build argument 'cmake_clean_first' from command line to 'False'
[1.836s] Level 5:colcon.colcon_core.verb:set package 'emergency_button' build argument 'cmake_force_configure' from command line to 'False'
[1.837s] Level 5:colcon.colcon_core.verb:set package 'emergency_button' build argument 'ament_cmake_args' from command line to 'None'
[1.837s] Level 5:colcon.colcon_core.verb:set package 'emergency_button' build argument 'catkin_cmake_args' from command line to 'None'
[1.837s] Level 5:colcon.colcon_core.verb:set package 'emergency_button' build argument 'catkin_skip_building_tests' from command line to 'False'
[1.838s] DEBUG:colcon.colcon_core.verb:Building package 'emergency_button' with the following arguments: {'ament_cmake_args': None, 'build_base': '/ros2_ws/build/emergency_button', 'catkin_cmake_args': None, 'catkin_skip_building_tests': False, 'cmake_args': None, 'cmake_clean_cache': False, 'cmake_clean_first': False, 'cmake_force_configure': False, 'cmake_target': None, 'cmake_target_skip_unavailable': False, 'install_base': '/ros2_ws/install/emergency_button', 'merge_install': False, 'path': '/ros2_ws/src/emergency_button', 'symlink_install': False, 'test_result_base': None}
[1.840s] Level 5:colcon.colcon_core.verb:set package 'stack_light' build argument 'cmake_args' from command line to 'None'
[1.840s] Level 5:colcon.colcon_core.verb:set package 'stack_light' build argument 'cmake_target' from command line to 'None'
[1.840s] Level 5:colcon.colcon_core.verb:set package 'stack_light' build argument 'cmake_target_skip_unavailable' from command line to 'False'
[1.840s] Level 5:colcon.colcon_core.verb:set package 'stack_light' build argument 'cmake_clean_cache' from command line to 'False'
[1.842s] Level 5:colcon.colcon_core.verb:set package 'stack_light' build argument 'cmake_clean_first' from command line to 'False'
[1.843s] Level 5:colcon.colcon_core.verb:set package 'stack_light' build argument 'cmake_force_configure' from command line to 'False'
[1.844s] Level 5:colcon.colcon_core.verb:set package 'stack_light' build argument 'ament_cmake_args' from command line to 'None'
[1.844s] Level 5:colcon.colcon_core.verb:set package 'stack_light' build argument 'catkin_cmake_args' from command line to 'None'
[1.844s] Level 5:colcon.colcon_core.verb:set package 'stack_light' build argument 'catkin_skip_building_tests' from command line to 'False'
[1.844s] DEBUG:colcon.colcon_core.verb:Building package 'stack_light' with the following arguments: {'ament_cmake_args': None, 'build_base': '/ros2_ws/build/stack_light', 'catkin_cmake_args': None, 'catkin_skip_building_tests': False, 'cmake_args': None, 'cmake_clean_cache': False, 'cmake_clean_first': False, 'cmake_force_configure': False, 'cmake_target': None, 'cmake_target_skip_unavailable': False, 'install_base': '/ros2_ws/install/stack_light', 'merge_install': False, 'path': '/ros2_ws/src/stack_light', 'symlink_install': False, 'test_result_base': None}
[1.845s] INFO:colcon.colcon_core.executor:Executing jobs using 'parallel' executor
[1.853s] DEBUG:colcon.colcon_parallel_executor.executor.parallel:run_until_complete
[1.854s] INFO:colcon.colcon_ros.task.ament_python.build:Building ROS package in '/ros2_ws/src/barcode_scanner' with build type 'ament_python'
[1.855s] Level 1:colcon.colcon_core.shell:create_environment_hook('barcode_scanner', 'ament_prefix_path')
[1.870s] INFO:colcon.colcon_core.plugin_system:Skipping extension 'colcon_core.shell.bat': Not used on non-Windows systems
[1.870s] INFO:colcon.colcon_core.shell:Creating environment hook '/ros2_ws/install/barcode_scanner/share/barcode_scanner/hook/ament_prefix_path.ps1'
[1.878s] INFO:colcon.colcon_core.shell:Creating environment descriptor '/ros2_ws/install/barcode_scanner/share/barcode_scanner/hook/ament_prefix_path.dsv'
[1.882s] INFO:colcon.colcon_core.shell:Creating environment hook '/ros2_ws/install/barcode_scanner/share/barcode_scanner/hook/ament_prefix_path.sh'
[1.893s] INFO:colcon.colcon_core.shell:Skip shell extension 'powershell' for command environment: Not usable outside of PowerShell
[1.894s] DEBUG:colcon.colcon_core.shell:Skip shell extension 'dsv' for command environment
[1.897s] WARNING:colcon.colcon_ros.prefix_path.ament:The path '/ros2_ws/install/stack_light' in the environment variable AMENT_PREFIX_PATH doesn't exist
[1.905s] WARNING:colcon.colcon_ros.prefix_path.ament:The path '/ros2_ws/install/emergency_button' in the environment variable AMENT_PREFIX_PATH doesn't exist
[1.906s] WARNING:colcon.colcon_ros.prefix_path.ament:The path '/ros2_ws/install/door_handle' in the environment variable AMENT_PREFIX_PATH doesn't exist
[1.936s] INFO:colcon.colcon_ros.task.ament_python.build:Building ROS package in '/ros2_ws/src/door_handle' with build type 'ament_python'
[1.937s] Level 1:colcon.colcon_core.shell:create_environment_hook('door_handle', 'ament_prefix_path')
[1.942s] INFO:colcon.colcon_core.shell:Creating environment hook '/ros2_ws/install/door_handle/share/door_handle/hook/ament_prefix_path.ps1'
[1.955s] INFO:colcon.colcon_core.shell:Creating environment descriptor '/ros2_ws/install/door_handle/share/door_handle/hook/ament_prefix_path.dsv'
[1.964s] INFO:colcon.colcon_core.shell:Creating environment hook '/ros2_ws/install/door_handle/share/door_handle/hook/ament_prefix_path.sh'
[1.971s] INFO:colcon.colcon_core.shell:Skip shell extension 'powershell' for command environment: Not usable outside of PowerShell
[1.971s] DEBUG:colcon.colcon_core.shell:Skip shell extension 'dsv' for command environment
[1.996s] INFO:colcon.colcon_ros.task.ament_python.build:Building ROS package in '/ros2_ws/src/emergency_button' with build type 'ament_python'
[1.997s] Level 1:colcon.colcon_core.shell:create_environment_hook('emergency_button', 'ament_prefix_path')
[1.999s] INFO:colcon.colcon_core.shell:Creating environment hook '/ros2_ws/install/emergency_button/share/emergency_button/hook/ament_prefix_path.ps1'
[2.013s] INFO:colcon.colcon_core.shell:Creating environment descriptor '/ros2_ws/install/emergency_button/share/emergency_button/hook/ament_prefix_path.dsv'
[2.019s] INFO:colcon.colcon_core.shell:Creating environment hook '/ros2_ws/install/emergency_button/share/emergency_button/hook/ament_prefix_path.sh'
[2.025s] INFO:colcon.colcon_core.shell:Skip shell extension 'powershell' for command environment: Not usable outside of PowerShell
[2.025s] DEBUG:colcon.colcon_core.shell:Skip shell extension 'dsv' for command environment
[2.063s] INFO:colcon.colcon_ros.task.ament_python.build:Building ROS package in '/ros2_ws/src/stack_light' with build type 'ament_python'
[2.065s] Level 1:colcon.colcon_core.shell:create_environment_hook('stack_light', 'ament_prefix_path')
[2.070s] INFO:colcon.colcon_core.shell:Creating environment hook '/ros2_ws/install/stack_light/share/stack_light/hook/ament_prefix_path.ps1'
[2.076s] INFO:colcon.colcon_core.shell:Creating environment descriptor '/ros2_ws/install/stack_light/share/stack_light/hook/ament_prefix_path.dsv'
[2.080s] INFO:colcon.colcon_core.shell:Creating environment hook '/ros2_ws/install/stack_light/share/stack_light/hook/ament_prefix_path.sh'
[2.088s] INFO:colcon.colcon_core.shell:Skip shell extension 'powershell' for command environment: Not usable outside of PowerShell
[2.088s] DEBUG:colcon.colcon_core.shell:Skip shell extension 'dsv' for command environment
[2.668s] INFO:colcon.colcon_core.task.python.build:Building Python package in '/ros2_ws/src/barcode_scanner'
[2.670s] INFO:colcon.colcon_core.shell:Skip shell extension 'powershell' for command environment: Not usable outside of PowerShell
[2.670s] DEBUG:colcon.colcon_core.shell:Skip shell extension 'dsv' for command environment
[3.293s] INFO:colcon.colcon_core.task.python.build:Building Python package in '/ros2_ws/src/door_handle'
[3.293s] INFO:colcon.colcon_core.shell:Skip shell extension 'powershell' for command environment: Not usable outside of PowerShell
[3.294s] DEBUG:colcon.colcon_core.shell:Skip shell extension 'dsv' for command environment
[3.827s] INFO:colcon.colcon_core.task.python.build:Building Python package in '/ros2_ws/src/emergency_button'
[3.828s] INFO:colcon.colcon_core.shell:Skip shell extension 'powershell' for command environment: Not usable outside of PowerShell
[3.829s] DEBUG:colcon.colcon_core.shell:Skip shell extension 'dsv' for command environment
[4.334s] INFO:colcon.colcon_core.task.python.build:Building Python package in '/ros2_ws/src/stack_light'
[4.335s] INFO:colcon.colcon_core.shell:Skip shell extension 'powershell' for command environment: Not usable outside of PowerShell
[4.335s] DEBUG:colcon.colcon_core.shell:Skip shell extension 'dsv' for command environment
[6.394s] DEBUG:colcon.colcon_core.event_handler.log_command:Invoking command in '/ros2_ws/src/emergency_button': PYTHONPATH=/ros2_ws/build/emergency_button/prefix_override:/usr/lib/python3/dist-packages/colcon_core/task/python/colcon_distutils_commands:/ros2_ws/install/emergency_button/lib/python3.10/site-packages:${PYTHONPATH} /usr/bin/python3 -W ignore:setup.py install is deprecated -W ignore:easy_install command is deprecated setup.py egg_info --egg-base ../../build/emergency_button build --build-base /ros2_ws/build/emergency_button/build install --record /ros2_ws/build/emergency_button/install.log --single-version-externally-managed install_data
[6.451s] DEBUG:colcon.colcon_core.event_handler.log_command:Invoking command in '/ros2_ws/src/barcode_scanner': PYTHONPATH=/ros2_ws/build/barcode_scanner/prefix_override:/usr/lib/python3/dist-packages/colcon_core/task/python/colcon_distutils_commands:/ros2_ws/install/barcode_scanner/lib/python3.10/site-packages:${PYTHONPATH} /usr/bin/python3 -W ignore:setup.py install is deprecated -W ignore:easy_install command is deprecated setup.py egg_info --egg-base ../../build/barcode_scanner build --build-base /ros2_ws/build/barcode_scanner/build install --record /ros2_ws/build/barcode_scanner/install.log --single-version-externally-managed install_data
[6.517s] DEBUG:colcon.colcon_core.event_handler.log_command:Invoking command in '/ros2_ws/src/stack_light': PYTHONPATH=/ros2_ws/build/stack_light/prefix_override:/usr/lib/python3/dist-packages/colcon_core/task/python/colcon_distutils_commands:/ros2_ws/install/stack_light/lib/python3.10/site-packages:${PYTHONPATH} /usr/bin/python3 -W ignore:setup.py install is deprecated -W ignore:easy_install command is deprecated setup.py egg_info --egg-base ../../build/stack_light build --build-base /ros2_ws/build/stack_light/build install --record /ros2_ws/build/stack_light/install.log --single-version-externally-managed install_data
[6.530s] DEBUG:colcon.colcon_core.event_handler.log_command:Invoking command in '/ros2_ws/src/door_handle': PYTHONPATH=/ros2_ws/build/door_handle/prefix_override:/usr/lib/python3/dist-packages/colcon_core/task/python/colcon_distutils_commands:/ros2_ws/install/door_handle/lib/python3.10/site-packages:${PYTHONPATH} /usr/bin/python3 -W ignore:setup.py install is deprecated -W ignore:easy_install command is deprecated setup.py egg_info --egg-base ../../build/door_handle build --build-base /ros2_ws/build/door_handle/build install --record /ros2_ws/build/door_handle/install.log --single-version-externally-managed install_data
[7.761s] Level 1:colcon.colcon_core.environment:checking '/ros2_ws/install/barcode_scanner' for CMake module files
[7.792s] Level 1:colcon.colcon_core.environment:checking '/ros2_ws/install/barcode_scanner' for CMake config files
[7.842s] Level 1:colcon.colcon_core.environment:checking '/ros2_ws/install/barcode_scanner/lib'
[7.845s] Level 1:colcon.colcon_core.environment:checking '/ros2_ws/install/barcode_scanner/bin'
[7.846s] Level 1:colcon.colcon_core.environment:checking '/ros2_ws/install/barcode_scanner/lib/pkgconfig/barcode_scanner.pc'
[7.846s] DEBUG:colcon.colcon_core.event_handler.log_command:Invoked command in '/ros2_ws/src/barcode_scanner' returned '0': PYTHONPATH=/ros2_ws/build/barcode_scanner/prefix_override:/usr/lib/python3/dist-packages/colcon_core/task/python/colcon_distutils_commands:/ros2_ws/install/barcode_scanner/lib/python3.10/site-packages:${PYTHONPATH} /usr/bin/python3 -W ignore:setup.py install is deprecated -W ignore:easy_install command is deprecated setup.py egg_info --egg-base ../../build/barcode_scanner build --build-base /ros2_ws/build/barcode_scanner/build install --record /ros2_ws/build/barcode_scanner/install.log --single-version-externally-managed install_data
[7.847s] Level 1:colcon.colcon_core.environment:checking '/ros2_ws/install/barcode_scanner/lib/python3.10/site-packages'
[7.848s] Level 1:colcon.colcon_core.shell:create_environment_hook('barcode_scanner', 'pythonpath')
[7.848s] INFO:colcon.colcon_core.shell:Creating environment hook '/ros2_ws/install/barcode_scanner/share/barcode_scanner/hook/pythonpath.ps1'
[7.854s] INFO:colcon.colcon_core.shell:Creating environment descriptor '/ros2_ws/install/barcode_scanner/share/barcode_scanner/hook/pythonpath.dsv'
[7.858s] INFO:colcon.colcon_core.shell:Creating environment hook '/ros2_ws/install/barcode_scanner/share/barcode_scanner/hook/pythonpath.sh'
[7.862s] Level 1:colcon.colcon_core.environment:checking '/ros2_ws/install/barcode_scanner/bin'
[7.863s] Level 1:colcon.colcon_core.environment:create_environment_scripts_only(barcode_scanner)
[7.865s] INFO:colcon.colcon_core.shell:Creating package script '/ros2_ws/install/barcode_scanner/share/barcode_scanner/package.ps1'
[7.869s] INFO:colcon.colcon_core.shell:Creating package descriptor '/ros2_ws/install/barcode_scanner/share/barcode_scanner/package.dsv'
[7.873s] INFO:colcon.colcon_core.shell:Creating package script '/ros2_ws/install/barcode_scanner/share/barcode_scanner/package.sh'
[7.878s] INFO:colcon.colcon_core.shell:Creating package script '/ros2_ws/install/barcode_scanner/share/barcode_scanner/package.bash'
[7.886s] INFO:colcon.colcon_core.shell:Creating package script '/ros2_ws/install/barcode_scanner/share/barcode_scanner/package.zsh'
[7.890s] Level 1:colcon.colcon_core.environment:create_file_with_runtime_dependencies(/ros2_ws/install/barcode_scanner/share/colcon-core/packages/barcode_scanner)
[7.898s] Level 1:colcon.colcon_core.environment:checking '/ros2_ws/install/emergency_button' for CMake module files
[7.909s] DEBUG:colcon.colcon_core.event_handler.log_command:Invoked command in '/ros2_ws/src/emergency_button' returned '0': PYTHONPATH=/ros2_ws/build/emergency_button/prefix_override:/usr/lib/python3/dist-packages/colcon_core/task/python/colcon_distutils_commands:/ros2_ws/install/emergency_button/lib/python3.10/site-packages:${PYTHONPATH} /usr/bin/python3 -W ignore:setup.py install is deprecated -W ignore:easy_install command is deprecated setup.py egg_info --egg-base ../../build/emergency_button build --build-base /ros2_ws/build/emergency_button/build install --record /ros2_ws/build/emergency_button/install.log --single-version-externally-managed install_data
[7.913s] Level 1:colcon.colcon_core.environment:checking '/ros2_ws/install/emergency_button' for CMake config files
[7.936s] Level 1:colcon.colcon_core.environment:checking '/ros2_ws/install/emergency_button/lib'
[7.937s] Level 1:colcon.colcon_core.environment:checking '/ros2_ws/install/emergency_button/bin'
[7.938s] Level 1:colcon.colcon_core.environment:checking '/ros2_ws/install/emergency_button/lib/pkgconfig/emergency_button.pc'
[7.939s] Level 1:colcon.colcon_core.environment:checking '/ros2_ws/install/emergency_button/lib/python3.10/site-packages'
[7.940s] Level 1:colcon.colcon_core.shell:create_environment_hook('emergency_button', 'pythonpath')
[7.941s] INFO:colcon.colcon_core.shell:Creating environment hook '/ros2_ws/install/emergency_button/share/emergency_button/hook/pythonpath.ps1'
[7.947s] INFO:colcon.colcon_core.shell:Creating environment descriptor '/ros2_ws/install/emergency_button/share/emergency_button/hook/pythonpath.dsv'
[7.951s] INFO:colcon.colcon_core.shell:Creating environment hook '/ros2_ws/install/emergency_button/share/emergency_button/hook/pythonpath.sh'
[7.956s] Level 1:colcon.colcon_core.environment:checking '/ros2_ws/install/emergency_button/bin'
[7.957s] Level 1:colcon.colcon_core.environment:create_environment_scripts_only(emergency_button)
[7.958s] INFO:colcon.colcon_core.shell:Creating package script '/ros2_ws/install/emergency_button/share/emergency_button/package.ps1'
[7.961s] INFO:colcon.colcon_core.shell:Creating package descriptor '/ros2_ws/install/emergency_button/share/emergency_button/package.dsv'
[7.965s] INFO:colcon.colcon_core.shell:Creating package script '/ros2_ws/install/emergency_button/share/emergency_button/package.sh'
[7.971s] INFO:colcon.colcon_core.shell:Creating package script '/ros2_ws/install/emergency_button/share/emergency_button/package.bash'
[7.977s] INFO:colcon.colcon_core.shell:Creating package script '/ros2_ws/install/emergency_button/share/emergency_button/package.zsh'
[7.980s] Level 1:colcon.colcon_core.environment:create_file_with_runtime_dependencies(/ros2_ws/install/emergency_button/share/colcon-core/packages/emergency_button)
[7.988s] Level 1:colcon.colcon_core.environment:checking '/ros2_ws/install/door_handle' for CMake module files
[8.000s] DEBUG:colcon.colcon_core.event_handler.log_command:Invoked command in '/ros2_ws/src/door_handle' returned '0': PYTHONPATH=/ros2_ws/build/door_handle/prefix_override:/usr/lib/python3/dist-packages/colcon_core/task/python/colcon_distutils_commands:/ros2_ws/install/door_handle/lib/python3.10/site-packages:${PYTHONPATH} /usr/bin/python3 -W ignore:setup.py install is deprecated -W ignore:easy_install command is deprecated setup.py egg_info --egg-base ../../build/door_handle build --build-base /ros2_ws/build/door_handle/build install --record /ros2_ws/build/door_handle/install.log --single-version-externally-managed install_data
[8.002s] Level 1:colcon.colcon_core.environment:checking '/ros2_ws/install/door_handle' for CMake config files
[8.022s] Level 1:colcon.colcon_core.environment:checking '/ros2_ws/install/door_handle/lib'
[8.023s] Level 1:colcon.colcon_core.environment:checking '/ros2_ws/install/door_handle/bin'
[8.024s] Level 1:colcon.colcon_core.environment:checking '/ros2_ws/install/door_handle/lib/pkgconfig/door_handle.pc'
[8.025s] Level 1:colcon.colcon_core.environment:checking '/ros2_ws/install/door_handle/lib/python3.10/site-packages'
[8.026s] Level 1:colcon.colcon_core.shell:create_environment_hook('door_handle', 'pythonpath')
[8.026s] INFO:colcon.colcon_core.shell:Creating environment hook '/ros2_ws/install/door_handle/share/door_handle/hook/pythonpath.ps1'
[8.030s] INFO:colcon.colcon_core.shell:Creating environment descriptor '/ros2_ws/install/door_handle/share/door_handle/hook/pythonpath.dsv'
[8.034s] INFO:colcon.colcon_core.shell:Creating environment hook '/ros2_ws/install/door_handle/share/door_handle/hook/pythonpath.sh'
[8.038s] Level 1:colcon.colcon_core.environment:checking '/ros2_ws/install/door_handle/bin'
[8.039s] Level 1:colcon.colcon_core.environment:create_environment_scripts_only(door_handle)
[8.040s] INFO:colcon.colcon_core.shell:Creating package script '/ros2_ws/install/door_handle/share/door_handle/package.ps1'
[8.044s] INFO:colcon.colcon_core.shell:Creating package descriptor '/ros2_ws/install/door_handle/share/door_handle/package.dsv'
[8.047s] INFO:colcon.colcon_core.shell:Creating package script '/ros2_ws/install/door_handle/share/door_handle/package.sh'
[8.050s] INFO:colcon.colcon_core.shell:Creating package script '/ros2_ws/install/door_handle/share/door_handle/package.bash'
[8.053s] INFO:colcon.colcon_core.shell:Creating package script '/ros2_ws/install/door_handle/share/door_handle/package.zsh'
[8.057s] Level 1:colcon.colcon_core.environment:create_file_with_runtime_dependencies(/ros2_ws/install/door_handle/share/colcon-core/packages/door_handle)
[8.061s] Level 1:colcon.colcon_core.environment:checking '/ros2_ws/install/stack_light' for CMake module files
[8.074s] DEBUG:colcon.colcon_core.event_handler.log_command:Invoked command in '/ros2_ws/src/stack_light' returned '0': PYTHONPATH=/ros2_ws/build/stack_light/prefix_override:/usr/lib/python3/dist-packages/colcon_core/task/python/colcon_distutils_commands:/ros2_ws/install/stack_light/lib/python3.10/site-packages:${PYTHONPATH} /usr/bin/python3 -W ignore:setup.py install is deprecated -W ignore:easy_install command is deprecated setup.py egg_info --egg-base ../../build/stack_light build --build-base /ros2_ws/build/stack_light/build install --record /ros2_ws/build/stack_light/install.log --single-version-externally-managed install_data
[8.080s] Level 1:colcon.colcon_core.environment:checking '/ros2_ws/install/stack_light' for CMake config files
[8.101s] Level 1:colcon.colcon_core.environment:checking '/ros2_ws/install/stack_light/lib'
[8.103s] Level 1:colcon.colcon_core.environment:checking '/ros2_ws/install/stack_light/bin'
[8.104s] Level 1:colcon.colcon_core.environment:checking '/ros2_ws/install/stack_light/lib/pkgconfig/stack_light.pc'
[8.105s] Level 1:colcon.colcon_core.environment:checking '/ros2_ws/install/stack_light/lib/python3.10/site-packages'
[8.105s] Level 1:colcon.colcon_core.shell:create_environment_hook('stack_light', 'pythonpath')
[8.106s] INFO:colcon.colcon_core.shell:Creating environment hook '/ros2_ws/install/stack_light/share/stack_light/hook/pythonpath.ps1'
[8.110s] INFO:colcon.colcon_core.shell:Creating environment descriptor '/ros2_ws/install/stack_light/share/stack_light/hook/pythonpath.dsv'
[8.114s] INFO:colcon.colcon_core.shell:Creating environment hook '/ros2_ws/install/stack_light/share/stack_light/hook/pythonpath.sh'
[8.119s] Level 1:colcon.colcon_core.environment:checking '/ros2_ws/install/stack_light/bin'
[8.119s] Level 1:colcon.colcon_core.environment:create_environment_scripts_only(stack_light)
[8.122s] INFO:colcon.colcon_core.shell:Creating package script '/ros2_ws/install/stack_light/share/stack_light/package.ps1'
[8.125s] INFO:colcon.colcon_core.shell:Creating package descriptor '/ros2_ws/install/stack_light/share/stack_light/package.dsv'
[8.128s] INFO:colcon.colcon_core.shell:Creating package script '/ros2_ws/install/stack_light/share/stack_light/package.sh'
[8.134s] INFO:colcon.colcon_core.shell:Creating package script '/ros2_ws/install/stack_light/share/stack_light/package.bash'
[8.137s] INFO:colcon.colcon_core.shell:Creating package script '/ros2_ws/install/stack_light/share/stack_light/package.zsh'
[8.140s] Level 1:colcon.colcon_core.environment:create_file_with_runtime_dependencies(/ros2_ws/install/stack_light/share/colcon-core/packages/stack_light)
[8.146s] DEBUG:colcon.colcon_parallel_executor.executor.parallel:closing loop
[8.146s] DEBUG:colcon.colcon_parallel_executor.executor.parallel:loop closed
[8.157s] DEBUG:colcon.colcon_parallel_executor.executor.parallel:run_until_complete finished with '0'
[8.160s] DEBUG:colcon.colcon_core.event_reactor:joining thread
[8.180s] INFO:colcon.colcon_core.plugin_system:Skipping extension 'colcon_notification.desktop_notification.notify_send': Could not find 'notify-send'
[8.181s] INFO:colcon.colcon_core.plugin_system:Skipping extension 'colcon_notification.desktop_notification.terminal_notifier': Not used on non-Darwin systems
[8.182s] INFO:colcon.colcon_core.plugin_system:Skipping extension 'colcon_notification.desktop_notification.win32': Not used on non-Windows systems
[8.183s] INFO:colcon.colcon_notification.desktop_notification:Sending desktop notification using 'notify2'
[8.183s] DEBUG:colcon.colcon_notification.desktop_notification.notify2:Failed to initialize notify2: org.freedesktop.DBus.Error.NotSupported: Unable to autolaunch a dbus-daemon without a $DISPLAY for X11
[8.184s] DEBUG:colcon.colcon_core.event_reactor:joined thread
[8.184s] INFO:colcon.colcon_core.shell:Creating prefix script '/ros2_ws/install/local_setup.ps1'
[8.212s] INFO:colcon.colcon_core.shell:Creating prefix util module '/ros2_ws/install/_local_setup_util_ps1.py'
[8.247s] INFO:colcon.colcon_core.shell:Creating prefix chain script '/ros2_ws/install/setup.ps1'
[8.303s] INFO:colcon.colcon_core.shell:Creating prefix script '/ros2_ws/install/local_setup.sh'
[8.310s] INFO:colcon.colcon_core.shell:Creating prefix util module '/ros2_ws/install/_local_setup_util_sh.py'
[8.316s] INFO:colcon.colcon_core.shell:Creating prefix chain script '/ros2_ws/install/setup.sh'
[8.351s] INFO:colcon.colcon_core.shell:Creating prefix script '/ros2_ws/install/local_setup.bash'
[8.357s] INFO:colcon.colcon_core.shell:Creating prefix chain script '/ros2_ws/install/setup.bash'
[8.394s] INFO:colcon.colcon_core.shell:Creating prefix script '/ros2_ws/install/local_setup.zsh'
[8.399s] INFO:colcon.colcon_core.shell:Creating prefix chain script '/ros2_ws/install/setup.zsh'
