running egg_info
creating ../../build/barcode_scanner/barcode_scanner.egg-info
writing ../../build/barcode_scanner/barcode_scanner.egg-info/PKG-INFO
writing dependency_links to ../../build/barcode_scanner/barcode_scanner.egg-info/dependency_links.txt
writing entry points to ../../build/barcode_scanner/barcode_scanner.egg-info/entry_points.txt
writing requirements to ../../build/barcode_scanner/barcode_scanner.egg-info/requires.txt
writing top-level names to ../../build/barcode_scanner/barcode_scanner.egg-info/top_level.txt
writing manifest file '../../build/barcode_scanner/barcode_scanner.egg-info/SOURCES.txt'
reading manifest file '../../build/barcode_scanner/barcode_scanner.egg-info/SOURCES.txt'
writing manifest file '../../build/barcode_scanner/barcode_scanner.egg-info/SOURCES.txt'
running build
running build_py
creating /ros2_ws/build/barcode_scanner/build
creating /ros2_ws/build/barcode_scanner/build/lib
creating /ros2_ws/build/barcode_scanner/build/lib/barcode_scanner
copying barcode_scanner/__init__.py -> /ros2_ws/build/barcode_scanner/build/lib/barcode_scanner
copying barcode_scanner/barcode_node.py -> /ros2_ws/build/barcode_scanner/build/lib/barcode_scanner
running install
running install_lib
creating /ros2_ws/install/barcode_scanner/lib/python3.10/site-packages/barcode_scanner
copying /ros2_ws/build/barcode_scanner/build/lib/barcode_scanner/__init__.py -> /ros2_ws/install/barcode_scanner/lib/python3.10/site-packages/barcode_scanner
copying /ros2_ws/build/barcode_scanner/build/lib/barcode_scanner/barcode_node.py -> /ros2_ws/install/barcode_scanner/lib/python3.10/site-packages/barcode_scanner
byte-compiling /ros2_ws/install/barcode_scanner/lib/python3.10/site-packages/barcode_scanner/__init__.py to __init__.cpython-310.pyc
byte-compiling /ros2_ws/install/barcode_scanner/lib/python3.10/site-packages/barcode_scanner/barcode_node.py to barcode_node.cpython-310.pyc
running install_data
creating /ros2_ws/install/barcode_scanner/share/ament_index
creating /ros2_ws/install/barcode_scanner/share/ament_index/resource_index
creating /ros2_ws/install/barcode_scanner/share/ament_index/resource_index/packages
copying resource/barcode_scanner -> /ros2_ws/install/barcode_scanner/share/ament_index/resource_index/packages
copying package.xml -> /ros2_ws/install/barcode_scanner/share/barcode_scanner
running install_egg_info
Copying ../../build/barcode_scanner/barcode_scanner.egg-info to /ros2_ws/install/barcode_scanner/lib/python3.10/site-packages/barcode_scanner-0.1.0-py3.10.egg-info
running install_scripts
Installing barcode_node script to /ros2_ws/install/barcode_scanner/lib/barcode_scanner
writing list of installed files to '/ros2_ws/build/barcode_scanner/install.log'
